This is pdfTeX, Version 3.141592653-2.6-1.40.26 (TeX Live 2024) (preloaded format=pdflatex 2024.4.29)  6 MAR 2025 16:27
entering extended mode
 \write18 enabled.
 file:line:error style messages enabled.
 %&-line parsing enabled.
**c:/Users/vasxen/OneDrive/Thesis/latex_test/main
(c:/Users/vasxen/OneDrive/Thesis/latex_test/main.tex
LaTeX2e <2023-11-01> patch level 1
L3 programming layer <2024-03-14>
(c:/texlive/2024/texmf-dist/tex/latex/base/report.cls
Document Class: report 2023/05/17 v1.4n Standard LaTeX document class
(c:/texlive/2024/texmf-dist/tex/latex/base/size12.clo
File: size12.clo 2023/05/17 v1.4n Standard LaTeX file (size option)
)
\c@part=\count188
\c@chapter=\count189
\c@section=\count190
\c@subsection=\count191
\c@subsubsection=\count192
\c@paragraph=\count193
\c@subparagraph=\count194
\c@figure=\count195
\c@table=\count196
\abovecaptionskip=\skip48
\belowcaptionskip=\skip49
\bibindent=\dimen140
) (c:/texlive/2024/texmf-dist/tex/latex/base/inputenc.sty
Package: inputenc 2021/02/14 v1.3d Input encoding file
\inpenc@prehook=\toks17
\inpenc@posthook=\toks18
) (c:/texlive/2024/texmf-dist/tex/latex/graphics/graphicx.sty
Package: graphicx 2021/09/16 v1.2d Enhanced LaTeX Graphics (DPC,SPQR)
 (c:/texlive/2024/texmf-dist/tex/latex/graphics/keyval.sty
Package: keyval 2022/05/29 v1.15 key=value parser (DPC)
\KV@toks@=\toks19
) (c:/texlive/2024/texmf-dist/tex/latex/graphics/graphics.sty
Package: graphics 2022/03/10 v1.4e Standard LaTeX Graphics (DPC,SPQR)
 (c:/texlive/2024/texmf-dist/tex/latex/graphics/trig.sty
Package: trig 2021/08/11 v1.11 sin cos tan (DPC)
) (c:/texlive/2024/texmf-dist/tex/latex/graphics-cfg/graphics.cfg
File: graphics.cfg 2016/06/04 v1.11 sample graphics configuration
)
Package graphics Info: Driver file: pdftex.def on input line 107.
 (c:/texlive/2024/texmf-dist/tex/latex/graphics-def/pdftex.def
File: pdftex.def 2024/04/13 v1.2c Graphics/color driver for pdftex
))
\Gin@req@height=\dimen141
\Gin@req@width=\dimen142
) (c:/texlive/2024/texmf-dist/tex/latex/tools/verbatim.sty
Package: verbatim 2023-11-06 v1.5v LaTeX2e package for verbatim enhancements
\every@verbatim=\toks20
\verbatim@line=\toks21
\verbatim@in@stream=\read2
) (c:/texlive/2024/texmf-dist/tex/latex/amsmath/amsmath.sty
Package: amsmath 2023/05/13 v2.17o AMS math features
\@mathmargin=\skip50

For additional information on amsmath, use the `?' option.
(c:/texlive/2024/texmf-dist/tex/latex/amsmath/amstext.sty
Package: amstext 2021/08/26 v2.01 AMS text
 (c:/texlive/2024/texmf-dist/tex/latex/amsmath/amsgen.sty
File: amsgen.sty 1999/11/30 v2.0 generic functions
\@emptytoks=\toks22
\ex@=\dimen143
)) (c:/texlive/2024/texmf-dist/tex/latex/amsmath/amsbsy.sty
Package: amsbsy 1999/11/29 v1.2d Bold Symbols
\pmbraise@=\dimen144
) (c:/texlive/2024/texmf-dist/tex/latex/amsmath/amsopn.sty
Package: amsopn 2022/04/08 v2.04 operator names
)
\inf@bad=\count197
LaTeX Info: Redefining \frac on input line 234.
\uproot@=\count198
\leftroot@=\count199
LaTeX Info: Redefining \overline on input line 399.
LaTeX Info: Redefining \colon on input line 410.
\classnum@=\count266
\DOTSCASE@=\count267
LaTeX Info: Redefining \ldots on input line 496.
LaTeX Info: Redefining \dots on input line 499.
LaTeX Info: Redefining \cdots on input line 620.
\Mathstrutbox@=\box51
\strutbox@=\box52
LaTeX Info: Redefining \big on input line 722.
LaTeX Info: Redefining \Big on input line 723.
LaTeX Info: Redefining \bigg on input line 724.
LaTeX Info: Redefining \Bigg on input line 725.
\big@size=\dimen145
LaTeX Font Info:    Redeclaring font encoding OML on input line 743.
LaTeX Font Info:    Redeclaring font encoding OMS on input line 744.
\macc@depth=\count268
LaTeX Info: Redefining \bmod on input line 905.
LaTeX Info: Redefining \pmod on input line 910.
LaTeX Info: Redefining \smash on input line 940.
LaTeX Info: Redefining \relbar on input line 970.
LaTeX Info: Redefining \Relbar on input line 971.
\c@MaxMatrixCols=\count269
\dotsspace@=\muskip16
\c@parentequation=\count270
\dspbrk@lvl=\count271
\tag@help=\toks23
\row@=\count272
\column@=\count273
\maxfields@=\count274
\andhelp@=\toks24
\eqnshift@=\dimen146
\alignsep@=\dimen147
\tagshift@=\dimen148
\tagwidth@=\dimen149
\totwidth@=\dimen150
\lineht@=\dimen151
\@envbody=\toks25
\multlinegap=\skip51
\multlinetaggap=\skip52
\mathdisplay@stack=\toks26
LaTeX Info: Redefining \[ on input line 2953.
LaTeX Info: Redefining \] on input line 2954.
) (c:/texlive/2024/texmf-dist/tex/latex/hyperref/hyperref.sty
Package: hyperref 2024-01-20 v7.01h Hypertext links for LaTeX
 (c:/texlive/2024/texmf-dist/tex/generic/iftex/iftex.sty
Package: iftex 2022/02/03 v1.0f TeX engine tests
) (c:/texlive/2024/texmf-dist/tex/latex/kvsetkeys/kvsetkeys.sty
Package: kvsetkeys 2022-10-05 v1.19 Key value parser (HO)
) (c:/texlive/2024/texmf-dist/tex/generic/kvdefinekeys/kvdefinekeys.sty
Package: kvdefinekeys 2019-12-19 v1.6 Define keys (HO)
) (c:/texlive/2024/texmf-dist/tex/generic/pdfescape/pdfescape.sty
Package: pdfescape 2019/12/09 v1.15 Implements pdfTeX's escape features (HO)
 (c:/texlive/2024/texmf-dist/tex/generic/ltxcmds/ltxcmds.sty
Package: ltxcmds 2023-12-04 v1.26 LaTeX kernel commands for general use (HO)
) (c:/texlive/2024/texmf-dist/tex/generic/pdftexcmds/pdftexcmds.sty
Package: pdftexcmds 2020-06-27 v0.33 Utility functions of pdfTeX for LuaTeX (HO)
 (c:/texlive/2024/texmf-dist/tex/generic/infwarerr/infwarerr.sty
Package: infwarerr 2019/12/03 v1.5 Providing info/warning/error messages (HO)
)
Package pdftexcmds Info: \pdf@primitive is available.
Package pdftexcmds Info: \pdf@ifprimitive is available.
Package pdftexcmds Info: \pdfdraftmode found.
)) (c:/texlive/2024/texmf-dist/tex/latex/hycolor/hycolor.sty
Package: hycolor 2020-01-27 v1.10 Color options for hyperref/bookmark (HO)
) (c:/texlive/2024/texmf-dist/tex/latex/auxhook/auxhook.sty
Package: auxhook 2019-12-17 v1.6 Hooks for auxiliary files (HO)
) (c:/texlive/2024/texmf-dist/tex/latex/hyperref/nameref.sty
Package: nameref 2023-11-26 v2.56 Cross-referencing by name of section
 (c:/texlive/2024/texmf-dist/tex/latex/refcount/refcount.sty
Package: refcount 2019/12/15 v3.6 Data extraction from label references (HO)
) (c:/texlive/2024/texmf-dist/tex/generic/gettitlestring/gettitlestring.sty
Package: gettitlestring 2019/12/15 v1.6 Cleanup title references (HO)
 (c:/texlive/2024/texmf-dist/tex/latex/kvoptions/kvoptions.sty
Package: kvoptions 2022-06-15 v3.15 Key value format for package options (HO)
))
\c@section@level=\count275
) (c:/texlive/2024/texmf-dist/tex/latex/etoolbox/etoolbox.sty
Package: etoolbox 2020/10/05 v2.5k e-TeX tools for LaTeX (JAW)
\etb@tempcnta=\count276
)
\@linkdim=\dimen152
\Hy@linkcounter=\count277
\Hy@pagecounter=\count278
 (c:/texlive/2024/texmf-dist/tex/latex/hyperref/pd1enc.def
File: pd1enc.def 2024-01-20 v7.01h Hyperref: PDFDocEncoding definition (HO)
Now handling font encoding PD1 ...
... no UTF-8 mapping file for font encoding PD1
) (c:/texlive/2024/texmf-dist/tex/generic/intcalc/intcalc.sty
Package: intcalc 2019/12/15 v1.3 Expandable calculations with integers (HO)
)
\Hy@SavedSpaceFactor=\count279
 (c:/texlive/2024/texmf-dist/tex/latex/hyperref/puenc.def
File: puenc.def 2024-01-20 v7.01h Hyperref: PDF Unicode definition (HO)
Now handling font encoding PU ...
... no UTF-8 mapping file for font encoding PU
)
Package hyperref Info: Hyper figures OFF on input line 4179.
Package hyperref Info: Link nesting OFF on input line 4184.
Package hyperref Info: Hyper index ON on input line 4187.
Package hyperref Info: Plain pages OFF on input line 4194.
Package hyperref Info: Backreferencing OFF on input line 4199.
Package hyperref Info: Implicit mode ON; LaTeX internals redefined.
Package hyperref Info: Bookmarks ON on input line 4446.
\c@Hy@tempcnt=\count280
 (c:/texlive/2024/texmf-dist/tex/latex/url/url.sty
\Urlmuskip=\muskip17
Package: url 2013/09/16  ver 3.4  Verb mode for urls, etc.
)
LaTeX Info: Redefining \url on input line 4784.
\XeTeXLinkMargin=\dimen153
 (c:/texlive/2024/texmf-dist/tex/generic/bitset/bitset.sty
Package: bitset 2019/12/09 v1.3 Handle bit-vector datatype (HO)
 (c:/texlive/2024/texmf-dist/tex/generic/bigintcalc/bigintcalc.sty
Package: bigintcalc 2019/12/15 v1.5 Expandable calculations on big integers (HO)
))
\Fld@menulength=\count281
\Field@Width=\dimen154
\Fld@charsize=\dimen155
Package hyperref Info: Hyper figures OFF on input line 6063.
Package hyperref Info: Link nesting OFF on input line 6068.
Package hyperref Info: Hyper index ON on input line 6071.
Package hyperref Info: backreferencing OFF on input line 6078.
Package hyperref Info: Link coloring OFF on input line 6083.
Package hyperref Info: Link coloring with OCG OFF on input line 6088.
Package hyperref Info: PDF/A mode OFF on input line 6093.
 (c:/texlive/2024/texmf-dist/tex/latex/base/atbegshi-ltx.sty
Package: atbegshi-ltx 2021/01/10 v1.0c Emulation of the original atbegshi
package with kernel methods
)
\Hy@abspage=\count282
\c@Item=\count283
\c@Hfootnote=\count284
)
Package hyperref Info: Driver (autodetected): hpdftex.
 (c:/texlive/2024/texmf-dist/tex/latex/hyperref/hpdftex.def
File: hpdftex.def 2024-01-20 v7.01h Hyperref driver for pdfTeX
 (c:/texlive/2024/texmf-dist/tex/latex/base/atveryend-ltx.sty
Package: atveryend-ltx 2020/08/19 v1.0a Emulation of the original atveryend package
with kernel methods
)
\Fld@listcount=\count285
\c@bookmark@seq@number=\count286
 (c:/texlive/2024/texmf-dist/tex/latex/rerunfilecheck/rerunfilecheck.sty
Package: rerunfilecheck 2022-07-10 v1.10 Rerun checks for auxiliary files (HO)
 (c:/texlive/2024/texmf-dist/tex/generic/uniquecounter/uniquecounter.sty
Package: uniquecounter 2019/12/15 v1.4 Provide unlimited unique counter (HO)
)
Package uniquecounter Info: New unique counter `rerunfilecheck' on input line 285.
)
\Hy@SectionHShift=\skip53
) (c:/texlive/2024/texmf-dist/tex/latex/svg/svg.sty
Package: svg 2020/11/26 v2.02k (include SVG pictures)
 (c:/texlive/2024/texmf-dist/tex/latex/koma-script/scrbase.sty
Package: scrbase 2023/07/07 v3.41 KOMA-Script package (KOMA-Script-independent basics and keyval usage)
 (c:/texlive/2024/texmf-dist/tex/latex/koma-script/scrlfile.sty
Package: scrlfile 2023/07/07 v3.41 KOMA-Script package (file load hooks)
 (c:/texlive/2024/texmf-dist/tex/latex/koma-script/scrlfile-hook.sty
Package: scrlfile-hook 2023/07/07 v3.41 KOMA-Script package (using LaTeX hooks)
 (c:/texlive/2024/texmf-dist/tex/latex/koma-script/scrlogo.sty
Package: scrlogo 2023/07/07 v3.41 KOMA-Script package (logo)
)))
Applying: [2021/05/01] Usage of raw or classic option list on input line 252.
Already applied: [0000/00/00] Usage of raw or classic option list on input line 368.
) (c:/texlive/2024/texmf-dist/tex/latex/trimspaces/trimspaces.sty
Package: trimspaces 2009/09/17 v1.1 Trim spaces around a token list
) (c:/texlive/2024/texmf-dist/tex/latex/tools/shellesc.sty
Package: shellesc 2023/07/08 v1.0d unified shell escape interface for LaTeX
Package shellesc Info: Unrestricted shell escape enabled on input line 75.
) (c:/texlive/2024/texmf-dist/tex/latex/ifplatform/ifplatform.sty
Package: ifplatform 2017/10/13 v0.4a Testing for the operating system
 (c:/texlive/2024/texmf-dist/tex/generic/catchfile/catchfile.sty
Package: catchfile 2019/12/09 v1.8 Catch the contents of a file (HO)
 (c:/texlive/2024/texmf-dist/tex/generic/etexcmds/etexcmds.sty
Package: etexcmds 2019/12/15 v1.7 Avoid name clashes with e-TeX commands (HO)
)) (c:/texlive/2024/texmf-dist/tex/generic/iftex/ifluatex.sty
Package: ifluatex 2019/10/25 v1.5 ifluatex legacy package. Use iftex instead.
))
\c@svg@param@lastpage=\count287
\svg@box=\box53
\c@svg@param@currpage=\count288
) (c:/texlive/2024/texmf-dist/tex/latex/xcolor/xcolor.sty
Package: xcolor 2023/11/15 v3.01 LaTeX color extensions (UK)
 (c:/texlive/2024/texmf-dist/tex/latex/graphics-cfg/color.cfg
File: color.cfg 2016/01/02 v1.6 sample color configuration
)
Package xcolor Info: Driver file: pdftex.def on input line 274.
 (c:/texlive/2024/texmf-dist/tex/latex/graphics/mathcolor.ltx)
Package xcolor Info: Model `cmy' substituted by `cmy0' on input line 1350.
Package xcolor Info: Model `hsb' substituted by `rgb' on input line 1354.
Package xcolor Info: Model `RGB' extended on input line 1366.
Package xcolor Info: Model `HTML' substituted by `rgb' on input line 1368.
Package xcolor Info: Model `Hsb' substituted by `hsb' on input line 1369.
Package xcolor Info: Model `tHsb' substituted by `hsb' on input line 1370.
Package xcolor Info: Model `HSB' substituted by `hsb' on input line 1371.
Package xcolor Info: Model `Gray' substituted by `gray' on input line 1372.
Package xcolor Info: Model `wave' substituted by `hsb' on input line 1373.
) (c:/texlive/2024/texmf-dist/tex/latex/transparent/transparent.sty
Package: transparent 2022-10-27 v1.5 Transparency with color stacks
 (c:/texlive/2024/texmf-dist/tex/latex/transparent/transparent-nometadata.sty
Package: transparent-nometadata 2022-10-27 v1.5 Transparency via pdfTeX's color stack (HO)
)) (c:/texlive/2024/texmf-dist/tex/latex/pgf/systemlayer/pgfsys.sty (c:/texlive/2024/texmf-dist/tex/latex/pgf/utilities/pgfrcs.sty (c:/texlive/2024/texmf-dist/tex/generic/pgf/utilities/pgfutil-common.tex
\pgfutil@everybye=\toks27
\pgfutil@tempdima=\dimen156
\pgfutil@tempdimb=\dimen157
) (c:/texlive/2024/texmf-dist/tex/generic/pgf/utilities/pgfutil-latex.def
\pgfutil@abb=\box54
) (c:/texlive/2024/texmf-dist/tex/generic/pgf/utilities/pgfrcs.code.tex (c:/texlive/2024/texmf-dist/tex/generic/pgf/pgf.revision.tex)
Package: pgfrcs 2023-01-15 v3.1.10 (3.1.10)
)) (c:/texlive/2024/texmf-dist/tex/generic/pgf/systemlayer/pgfsys.code.tex
Package: pgfsys 2023-01-15 v3.1.10 (3.1.10)
 (c:/texlive/2024/texmf-dist/tex/generic/pgf/utilities/pgfkeys.code.tex
\pgfkeys@pathtoks=\toks28
\pgfkeys@temptoks=\toks29
 (c:/texlive/2024/texmf-dist/tex/generic/pgf/utilities/pgfkeyslibraryfiltered.code.tex
\pgfkeys@tmptoks=\toks30
))
\pgf@x=\dimen158
\pgf@y=\dimen159
\pgf@xa=\dimen160
\pgf@ya=\dimen161
\pgf@xb=\dimen162
\pgf@yb=\dimen163
\pgf@xc=\dimen164
\pgf@yc=\dimen165
\pgf@xd=\dimen166
\pgf@yd=\dimen167
\w@pgf@writea=\write3
\r@pgf@reada=\read3
\c@pgf@counta=\count289
\c@pgf@countb=\count290
\c@pgf@countc=\count291
\c@pgf@countd=\count292
\t@pgf@toka=\toks31
\t@pgf@tokb=\toks32
\t@pgf@tokc=\toks33
\pgf@sys@id@count=\count293
 (c:/texlive/2024/texmf-dist/tex/generic/pgf/systemlayer/pgf.cfg
File: pgf.cfg 2023-01-15 v3.1.10 (3.1.10)
)
Driver file for pgf: pgfsys-pdftex.def
 (c:/texlive/2024/texmf-dist/tex/generic/pgf/systemlayer/pgfsys-pdftex.def
File: pgfsys-pdftex.def 2023-01-15 v3.1.10 (3.1.10)
 (c:/texlive/2024/texmf-dist/tex/generic/pgf/systemlayer/pgfsys-common-pdf.def
File: pgfsys-common-pdf.def 2023-01-15 v3.1.10 (3.1.10)
))) (c:/texlive/2024/texmf-dist/tex/generic/pgf/systemlayer/pgfsyssoftpath.code.tex
File: pgfsyssoftpath.code.tex 2023-01-15 v3.1.10 (3.1.10)
\pgfsyssoftpath@smallbuffer@items=\count294
\pgfsyssoftpath@bigbuffer@items=\count295
) (c:/texlive/2024/texmf-dist/tex/generic/pgf/systemlayer/pgfsysprotocol.code.tex
File: pgfsysprotocol.code.tex 2023-01-15 v3.1.10 (3.1.10)
)) (c:/texlive/2024/texmf-dist/tex/latex/booktabs/booktabs.sty
Package: booktabs 2020/01/12 v1.61803398 Publication quality tables
\heavyrulewidth=\dimen168
\lightrulewidth=\dimen169
\cmidrulewidth=\dimen170
\belowrulesep=\dimen171
\belowbottomsep=\dimen172
\aboverulesep=\dimen173
\abovetopsep=\dimen174
\cmidrulesep=\dimen175
\cmidrulekern=\dimen176
\defaultaddspace=\dimen177
\@cmidla=\count296
\@cmidlb=\count297
\@aboverulesep=\dimen178
\@belowrulesep=\dimen179
\@thisruleclass=\count298
\@lastruleclass=\count299
\@thisrulewidth=\dimen180
) (c:/texlive/2024/texmf-dist/tex/latex/colortbl/colortbl.sty
Package: colortbl 2024/02/20 v1.0g Color table columns (DPC)
 (c:/texlive/2024/texmf-dist/tex/latex/tools/array.sty
Package: array 2023/10/16 v2.5g Tabular extension package (FMi)
\col@sep=\dimen181
\ar@mcellbox=\box55
\extrarowheight=\dimen182
\NC@list=\toks34
\extratabsurround=\skip54
\backup@length=\skip55
\ar@cellbox=\box56
)
\everycr=\toks35
\minrowclearance=\skip56
\rownum=\count300
) (c:/texlive/2024/texmf-dist/tex/latex/multirow/multirow.sty
Package: multirow 2021/03/15 v2.8 Span multiple rows of a table
\multirow@colwidth=\skip57
\multirow@cntb=\count301
\multirow@dima=\skip58
\bigstrutjot=\dimen183
) (c:/texlive/2024/texmf-dist/tex/latex/float/float.sty
Package: float 2001/11/08 v1.3d Float enhancements (AL)
\c@float@type=\count302
\float@exts=\toks36
\float@box=\box57
\@float@everytoks=\toks37
\@floatcapt=\box58
) (c:/texlive/2024/texmf-dist/tex/latex/cancel/cancel.sty
Package: cancel 2013/04/12 v2.2 Cancel math terms
) (c:/texlive/2024/texmf-dist/tex/latex/titlesec/titlesec.sty
Package: titlesec 2023/10/27 v2.16 Sectioning titles
\ttl@box=\box59
\beforetitleunit=\skip59
\aftertitleunit=\skip60
\ttl@plus=\dimen184
\ttl@minus=\dimen185
\ttl@toksa=\toks38
\titlewidth=\dimen186
\titlewidthlast=\dimen187
\titlewidthfirst=\dimen188
) (c:/texlive/2024/texmf-dist/tex/latex/geometry/geometry.sty
Package: geometry 2020/01/02 v5.9 Page Geometry
 (c:/texlive/2024/texmf-dist/tex/generic/iftex/ifvtex.sty
Package: ifvtex 2019/10/25 v1.7 ifvtex legacy package. Use iftex instead.
)
\Gm@cnth=\count303
\Gm@cntv=\count304
\c@Gm@tempcnt=\count305
\Gm@bindingoffset=\dimen189
\Gm@wd@mp=\dimen190
\Gm@odd@mp=\dimen191
\Gm@even@mp=\dimen192
\Gm@layoutwidth=\dimen193
\Gm@layoutheight=\dimen194
\Gm@layouthoffset=\dimen195
\Gm@layoutvoffset=\dimen196
\Gm@dimlist=\toks39
) (c:/texlive/2024/texmf-dist/tex/generic/babel/babel.sty
Package: babel 2024/04/20 v24.4 The Babel package
\babel@savecnt=\count306
\U@D=\dimen197
\l@unhyphenated=\language89
 (c:/texlive/2024/texmf-dist/tex/generic/babel/txtbabel.def)
\bbl@readstream=\read4
\bbl@dirlevel=\count307
 (c:/texlive/2024/texmf-dist/tex/generic/babel-greek/greek.ldf
Language: greek 2023/10/13 1.15 Greek support for the babel system
\bbl@monogreek=\count308
\bbl@polygreek=\count309
\bbl@ancientgreek=\count310
 (c:/texlive/2024/texmf-dist/tex/latex/greek-fontenc/lgrenc.def
File: lgrenc.def 2023-09-12 2.5 LGR Greek font encoding definitions
Now handling font encoding LGR ...
... processing UTF-8 mapping file for font encoding LGR
 (c:/texlive/2024/texmf-dist/tex/latex/greek-inputenc/lgrenc.dfu
File: lgrenc.dfu 2023-03-21 1.9 UTF-8 support for Greek
   defining Unicode char U+00A8 (decimal 168)
   defining Unicode char U+00AB (decimal 171)
   defining Unicode char U+00AF (decimal 175)
   defining Unicode char U+00B4 (decimal 180)
   defining Unicode char U+00B7 (decimal 183)
   defining Unicode char U+00BB (decimal 187)
   defining Unicode char U+0259 (decimal 601)
   defining Unicode char U+02D8 (decimal 728)
   defining Unicode char U+0374 (decimal 884)
   defining Unicode char U+0375 (decimal 885)
   defining Unicode char U+037A (decimal 890)
   defining Unicode char U+037E (decimal 894)
   defining Unicode char U+0384 (decimal 900)
   defining Unicode char U+0385 (decimal 901)
   defining Unicode char U+0386 (decimal 902)
   defining Unicode char U+0387 (decimal 903)
   defining Unicode char U+0388 (decimal 904)
   defining Unicode char U+0389 (decimal 905)
   defining Unicode char U+038A (decimal 906)
   defining Unicode char U+038C (decimal 908)
   defining Unicode char U+038E (decimal 910)
   defining Unicode char U+038F (decimal 911)
   defining Unicode char U+0390 (decimal 912)
   defining Unicode char U+0391 (decimal 913)
   defining Unicode char U+0392 (decimal 914)
   defining Unicode char U+0393 (decimal 915)
   defining Unicode char U+0394 (decimal 916)
   defining Unicode char U+0395 (decimal 917)
   defining Unicode char U+0396 (decimal 918)
   defining Unicode char U+0397 (decimal 919)
   defining Unicode char U+0398 (decimal 920)
   defining Unicode char U+0399 (decimal 921)
   defining Unicode char U+039A (decimal 922)
   defining Unicode char U+039B (decimal 923)
   defining Unicode char U+039C (decimal 924)
   defining Unicode char U+039D (decimal 925)
   defining Unicode char U+039E (decimal 926)
   defining Unicode char U+039F (decimal 927)
   defining Unicode char U+03A0 (decimal 928)
   defining Unicode char U+03A1 (decimal 929)
   defining Unicode char U+03A3 (decimal 931)
   defining Unicode char U+03A4 (decimal 932)
   defining Unicode char U+03A5 (decimal 933)
   defining Unicode char U+03A6 (decimal 934)
   defining Unicode char U+03A7 (decimal 935)
   defining Unicode char U+03A8 (decimal 936)
   defining Unicode char U+03A9 (decimal 937)
   defining Unicode char U+03AA (decimal 938)
   defining Unicode char U+03AB (decimal 939)
   defining Unicode char U+03AC (decimal 940)
   defining Unicode char U+03AD (decimal 941)
   defining Unicode char U+03AE (decimal 942)
   defining Unicode char U+03AF (decimal 943)
   defining Unicode char U+03B0 (decimal 944)
   defining Unicode char U+03B1 (decimal 945)
   defining Unicode char U+03B2 (decimal 946)
   defining Unicode char U+03B3 (decimal 947)
   defining Unicode char U+03B4 (decimal 948)
   defining Unicode char U+03B5 (decimal 949)
   defining Unicode char U+03B6 (decimal 950)
   defining Unicode char U+03B7 (decimal 951)
   defining Unicode char U+03B8 (decimal 952)
   defining Unicode char U+03B9 (decimal 953)
   defining Unicode char U+03BA (decimal 954)
   defining Unicode char U+03BB (decimal 955)
   defining Unicode char U+03BC (decimal 956)
   defining Unicode char U+03BD (decimal 957)
   defining Unicode char U+03BE (decimal 958)
   defining Unicode char U+03BF (decimal 959)
   defining Unicode char U+03C0 (decimal 960)
   defining Unicode char U+03C1 (decimal 961)
   defining Unicode char U+03C2 (decimal 962)
   defining Unicode char U+03C3 (decimal 963)
   defining Unicode char U+03C4 (decimal 964)
   defining Unicode char U+03C5 (decimal 965)
   defining Unicode char U+03C6 (decimal 966)
   defining Unicode char U+03C7 (decimal 967)
   defining Unicode char U+03C8 (decimal 968)
   defining Unicode char U+03C9 (decimal 969)
   defining Unicode char U+03CA (decimal 970)
   defining Unicode char U+03CB (decimal 971)
   defining Unicode char U+03CC (decimal 972)
   defining Unicode char U+03CD (decimal 973)
   defining Unicode char U+03CE (decimal 974)
   defining Unicode char U+03D0 (decimal 976)
   defining Unicode char U+03D1 (decimal 977)
   defining Unicode char U+03D5 (decimal 981)
   defining Unicode char U+03D6 (decimal 982)
   defining Unicode char U+03D8 (decimal 984)
   defining Unicode char U+03D9 (decimal 985)
   defining Unicode char U+03DA (decimal 986)
   defining Unicode char U+03DB (decimal 987)
   defining Unicode char U+03DC (decimal 988)
   defining Unicode char U+03DD (decimal 989)
   defining Unicode char U+03DE (decimal 990)
   defining Unicode char U+03DF (decimal 991)
   defining Unicode char U+03E0 (decimal 992)
   defining Unicode char U+03E1 (decimal 993)
   defining Unicode char U+03F0 (decimal 1008)
   defining Unicode char U+03F1 (decimal 1009)
   defining Unicode char U+03F4 (decimal 1012)
   defining Unicode char U+03F5 (decimal 1013)
   defining Unicode char U+1F00 (decimal 7936)
   defining Unicode char U+1F01 (decimal 7937)
   defining Unicode char U+1F02 (decimal 7938)
   defining Unicode char U+1F03 (decimal 7939)
   defining Unicode char U+1F04 (decimal 7940)
   defining Unicode char U+1F05 (decimal 7941)
   defining Unicode char U+1F06 (decimal 7942)
   defining Unicode char U+1F07 (decimal 7943)
   defining Unicode char U+1F08 (decimal 7944)
   defining Unicode char U+1F09 (decimal 7945)
   defining Unicode char U+1F0A (decimal 7946)
   defining Unicode char U+1F0B (decimal 7947)
   defining Unicode char U+1F0C (decimal 7948)
   defining Unicode char U+1F0D (decimal 7949)
   defining Unicode char U+1F0E (decimal 7950)
   defining Unicode char U+1F0F (decimal 7951)
   defining Unicode char U+1F10 (decimal 7952)
   defining Unicode char U+1F11 (decimal 7953)
   defining Unicode char U+1F12 (decimal 7954)
   defining Unicode char U+1F13 (decimal 7955)
   defining Unicode char U+1F14 (decimal 7956)
   defining Unicode char U+1F15 (decimal 7957)
   defining Unicode char U+1F18 (decimal 7960)
   defining Unicode char U+1F19 (decimal 7961)
   defining Unicode char U+1F1A (decimal 7962)
   defining Unicode char U+1F1B (decimal 7963)
   defining Unicode char U+1F1C (decimal 7964)
   defining Unicode char U+1F1D (decimal 7965)
   defining Unicode char U+1F20 (decimal 7968)
   defining Unicode char U+1F21 (decimal 7969)
   defining Unicode char U+1F22 (decimal 7970)
   defining Unicode char U+1F23 (decimal 7971)
   defining Unicode char U+1F24 (decimal 7972)
   defining Unicode char U+1F25 (decimal 7973)
   defining Unicode char U+1F26 (decimal 7974)
   defining Unicode char U+1F27 (decimal 7975)
   defining Unicode char U+1F28 (decimal 7976)
   defining Unicode char U+1F29 (decimal 7977)
   defining Unicode char U+1F2A (decimal 7978)
   defining Unicode char U+1F2B (decimal 7979)
   defining Unicode char U+1F2C (decimal 7980)
   defining Unicode char U+1F2D (decimal 7981)
   defining Unicode char U+1F2E (decimal 7982)
   defining Unicode char U+1F2F (decimal 7983)
   defining Unicode char U+1F30 (decimal 7984)
   defining Unicode char U+1F31 (decimal 7985)
   defining Unicode char U+1F32 (decimal 7986)
   defining Unicode char U+1F33 (decimal 7987)
   defining Unicode char U+1F34 (decimal 7988)
   defining Unicode char U+1F35 (decimal 7989)
   defining Unicode char U+1F36 (decimal 7990)
   defining Unicode char U+1F37 (decimal 7991)
   defining Unicode char U+1F38 (decimal 7992)
   defining Unicode char U+1F39 (decimal 7993)
   defining Unicode char U+1F3A (decimal 7994)
   defining Unicode char U+1F3B (decimal 7995)
   defining Unicode char U+1F3C (decimal 7996)
   defining Unicode char U+1F3D (decimal 7997)
   defining Unicode char U+1F3E (decimal 7998)
   defining Unicode char U+1F3F (decimal 7999)
   defining Unicode char U+1F40 (decimal 8000)
   defining Unicode char U+1F41 (decimal 8001)
   defining Unicode char U+1F42 (decimal 8002)
   defining Unicode char U+1F43 (decimal 8003)
   defining Unicode char U+1F44 (decimal 8004)
   defining Unicode char U+1F45 (decimal 8005)
   defining Unicode char U+1F48 (decimal 8008)
   defining Unicode char U+1F49 (decimal 8009)
   defining Unicode char U+1F4A (decimal 8010)
   defining Unicode char U+1F4B (decimal 8011)
   defining Unicode char U+1F4C (decimal 8012)
   defining Unicode char U+1F4D (decimal 8013)
   defining Unicode char U+1F50 (decimal 8016)
   defining Unicode char U+1F51 (decimal 8017)
   defining Unicode char U+1F52 (decimal 8018)
   defining Unicode char U+1F53 (decimal 8019)
   defining Unicode char U+1F54 (decimal 8020)
   defining Unicode char U+1F55 (decimal 8021)
   defining Unicode char U+1F56 (decimal 8022)
   defining Unicode char U+1F57 (decimal 8023)
   defining Unicode char U+1F59 (decimal 8025)
   defining Unicode char U+1F5B (decimal 8027)
   defining Unicode char U+1F5D (decimal 8029)
   defining Unicode char U+1F5F (decimal 8031)
   defining Unicode char U+1F60 (decimal 8032)
   defining Unicode char U+1F61 (decimal 8033)
   defining Unicode char U+1F62 (decimal 8034)
   defining Unicode char U+1F63 (decimal 8035)
   defining Unicode char U+1F64 (decimal 8036)
   defining Unicode char U+1F65 (decimal 8037)
   defining Unicode char U+1F66 (decimal 8038)
   defining Unicode char U+1F67 (decimal 8039)
   defining Unicode char U+1F68 (decimal 8040)
   defining Unicode char U+1F69 (decimal 8041)
   defining Unicode char U+1F6A (decimal 8042)
   defining Unicode char U+1F6B (decimal 8043)
   defining Unicode char U+1F6C (decimal 8044)
   defining Unicode char U+1F6D (decimal 8045)
   defining Unicode char U+1F6E (decimal 8046)
   defining Unicode char U+1F6F (decimal 8047)
   defining Unicode char U+1F70 (decimal 8048)
   defining Unicode char U+1F71 (decimal 8049)
   defining Unicode char U+1F72 (decimal 8050)
   defining Unicode char U+1F73 (decimal 8051)
   defining Unicode char U+1F74 (decimal 8052)
   defining Unicode char U+1F75 (decimal 8053)
   defining Unicode char U+1F76 (decimal 8054)
   defining Unicode char U+1F77 (decimal 8055)
   defining Unicode char U+1F78 (decimal 8056)
   defining Unicode char U+1F79 (decimal 8057)
   defining Unicode char U+1F7A (decimal 8058)
   defining Unicode char U+1F7B (decimal 8059)
   defining Unicode char U+1F7C (decimal 8060)
   defining Unicode char U+1F7D (decimal 8061)
   defining Unicode char U+1F80 (decimal 8064)
   defining Unicode char U+1F81 (decimal 8065)
   defining Unicode char U+1F82 (decimal 8066)
   defining Unicode char U+1F83 (decimal 8067)
   defining Unicode char U+1F84 (decimal 8068)
   defining Unicode char U+1F85 (decimal 8069)
   defining Unicode char U+1F86 (decimal 8070)
   defining Unicode char U+1F87 (decimal 8071)
   defining Unicode char U+1F88 (decimal 8072)
   defining Unicode char U+1F89 (decimal 8073)
   defining Unicode char U+1F8A (decimal 8074)
   defining Unicode char U+1F8B (decimal 8075)
   defining Unicode char U+1F8C (decimal 8076)
   defining Unicode char U+1F8D (decimal 8077)
   defining Unicode char U+1F8E (decimal 8078)
   defining Unicode char U+1F8F (decimal 8079)
   defining Unicode char U+1F90 (decimal 8080)
   defining Unicode char U+1F91 (decimal 8081)
   defining Unicode char U+1F92 (decimal 8082)
   defining Unicode char U+1F93 (decimal 8083)
   defining Unicode char U+1F94 (decimal 8084)
   defining Unicode char U+1F95 (decimal 8085)
   defining Unicode char U+1F96 (decimal 8086)
   defining Unicode char U+1F97 (decimal 8087)
   defining Unicode char U+1F98 (decimal 8088)
   defining Unicode char U+1F99 (decimal 8089)
   defining Unicode char U+1F9A (decimal 8090)
   defining Unicode char U+1F9B (decimal 8091)
   defining Unicode char U+1F9C (decimal 8092)
   defining Unicode char U+1F9D (decimal 8093)
   defining Unicode char U+1F9E (decimal 8094)
   defining Unicode char U+1F9F (decimal 8095)
   defining Unicode char U+1FA0 (decimal 8096)
   defining Unicode char U+1FA1 (decimal 8097)
   defining Unicode char U+1FA2 (decimal 8098)
   defining Unicode char U+1FA3 (decimal 8099)
   defining Unicode char U+1FA4 (decimal 8100)
   defining Unicode char U+1FA5 (decimal 8101)
   defining Unicode char U+1FA6 (decimal 8102)
   defining Unicode char U+1FA7 (decimal 8103)
   defining Unicode char U+1FA8 (decimal 8104)
   defining Unicode char U+1FA9 (decimal 8105)
   defining Unicode char U+1FAA (decimal 8106)
   defining Unicode char U+1FAB (decimal 8107)
   defining Unicode char U+1FAC (decimal 8108)
   defining Unicode char U+1FAD (decimal 8109)
   defining Unicode char U+1FAE (decimal 8110)
   defining Unicode char U+1FAF (decimal 8111)
   defining Unicode char U+1FB0 (decimal 8112)
   defining Unicode char U+1FB1 (decimal 8113)
   defining Unicode char U+1FB2 (decimal 8114)
   defining Unicode char U+1FB3 (decimal 8115)
   defining Unicode char U+1FB4 (decimal 8116)
   defining Unicode char U+1FB6 (decimal 8118)
   defining Unicode char U+1FB7 (decimal 8119)
   defining Unicode char U+1FB8 (decimal 8120)
   defining Unicode char U+1FB9 (decimal 8121)
   defining Unicode char U+1FBA (decimal 8122)
   defining Unicode char U+1FBB (decimal 8123)
   defining Unicode char U+1FBC (decimal 8124)
   defining Unicode char U+1FBD (decimal 8125)
   defining Unicode char U+1FBE (decimal 8126)
   defining Unicode char U+1FBF (decimal 8127)
   defining Unicode char U+1FC0 (decimal 8128)
   defining Unicode char U+1FC1 (decimal 8129)
   defining Unicode char U+1FC2 (decimal 8130)
   defining Unicode char U+1FC3 (decimal 8131)
   defining Unicode char U+1FC4 (decimal 8132)
   defining Unicode char U+1FC6 (decimal 8134)
   defining Unicode char U+1FC7 (decimal 8135)
   defining Unicode char U+1FC8 (decimal 8136)
   defining Unicode char U+1FC9 (decimal 8137)
   defining Unicode char U+1FCA (decimal 8138)
   defining Unicode char U+1FCB (decimal 8139)
   defining Unicode char U+1FCC (decimal 8140)
   defining Unicode char U+1FCD (decimal 8141)
   defining Unicode char U+1FCE (decimal 8142)
   defining Unicode char U+1FCF (decimal 8143)
   defining Unicode char U+1FD0 (decimal 8144)
   defining Unicode char U+1FD1 (decimal 8145)
   defining Unicode char U+1FD2 (decimal 8146)
   defining Unicode char U+1FD3 (decimal 8147)
   defining Unicode char U+1FD6 (decimal 8150)
   defining Unicode char U+1FD7 (decimal 8151)
   defining Unicode char U+1FD8 (decimal 8152)
   defining Unicode char U+1FD9 (decimal 8153)
   defining Unicode char U+1FDA (decimal 8154)
   defining Unicode char U+1FDB (decimal 8155)
   defining Unicode char U+1FDD (decimal 8157)
   defining Unicode char U+1FDE (decimal 8158)
   defining Unicode char U+1FDF (decimal 8159)
   defining Unicode char U+1FE0 (decimal 8160)
   defining Unicode char U+1FE1 (decimal 8161)
   defining Unicode char U+1FE2 (decimal 8162)
   defining Unicode char U+1FE3 (decimal 8163)
   defining Unicode char U+1FE4 (decimal 8164)
   defining Unicode char U+1FE5 (decimal 8165)
   defining Unicode char U+1FE6 (decimal 8166)
   defining Unicode char U+1FE7 (decimal 8167)
   defining Unicode char U+1FE8 (decimal 8168)
   defining Unicode char U+1FE9 (decimal 8169)
   defining Unicode char U+1FEA (decimal 8170)
   defining Unicode char U+1FEB (decimal 8171)
   defining Unicode char U+1FEC (decimal 8172)
   defining Unicode char U+1FED (decimal 8173)
   defining Unicode char U+1FEE (decimal 8174)
   defining Unicode char U+1FEF (decimal 8175)
   defining Unicode char U+1FF2 (decimal 8178)
   defining Unicode char U+1FF3 (decimal 8179)
   defining Unicode char U+1FF4 (decimal 8180)
   defining Unicode char U+1FF6 (decimal 8182)
   defining Unicode char U+1FF7 (decimal 8183)
   defining Unicode char U+1FF8 (decimal 8184)
   defining Unicode char U+1FF9 (decimal 8185)
   defining Unicode char U+1FFA (decimal 8186)
   defining Unicode char U+1FFB (decimal 8187)
   defining Unicode char U+1FFC (decimal 8188)
   defining Unicode char U+1FFD (decimal 8189)
   defining Unicode char U+1FFE (decimal 8190)
   defining Unicode char U+2013 (decimal 8211)
   defining Unicode char U+2014 (decimal 8212)
   defining Unicode char U+2018 (decimal 8216)
   defining Unicode char U+2019 (decimal 8217)
   defining Unicode char U+201A (decimal 8218)
   defining Unicode char U+2030 (decimal 8240)
   defining Unicode char U+2039 (decimal 8249)
   defining Unicode char U+203A (decimal 8250)
   defining Unicode char U+20AC (decimal 8364)
   defining Unicode char U+2126 (decimal 8486)
   defining Unicode char U+10144 (decimal 65860)
   defining Unicode char U+10145 (decimal 65861)
   defining Unicode char U+10146 (decimal 65862)
   defining Unicode char U+10147 (decimal 65863)
) (c:/texlive/2024/texmf-dist/tex/latex/greek-fontenc/greek-fontenc.def
File: greek-fontenc.def 2023-09-12 2.5 Common Greek font encoding definitions
))) (c:/texlive/2024/texmf-dist/tex/generic/babel-english/english.ldf
Language: english 2017/06/06 v3.3r English support from the babel system
Package babel Info: Hyphen rules for 'canadian' set to \l@english
(babel)             (\language0). Reported on input line 102.
Package babel Info: Hyphen rules for 'australian' set to \l@ukenglish
(babel)             (\language23). Reported on input line 105.
Package babel Info: Hyphen rules for 'newzealand' set to \l@ukenglish
(babel)             (\language23). Reported on input line 108.
)) (c:/texlive/2024/texmf-dist/tex/generic/babel/locale/en/babel-english.tex
Package babel Info: Importing font and identification data for english
(babel)             from babel-en.ini. Reported on input line 11.
) (c:/texlive/2024/texmf-dist/tex/generic/babel/locale/el/babel-greek.tex
Package babel Info: Importing font and identification data for greek
(babel)             from babel-el.ini. Reported on input line 11.
) (c:/texlive/2024/texmf-dist/tex/latex/fancyhdr/fancyhdr.sty
Package: fancyhdr 2024/04/23 v4.2 Extensive control of page headers and footers
\f@nch@headwidth=\skip61
\f@nch@O@elh=\skip62
\f@nch@O@erh=\skip63
\f@nch@O@olh=\skip64
\f@nch@O@orh=\skip65
\f@nch@O@elf=\skip66
\f@nch@O@erf=\skip67
\f@nch@O@olf=\skip68
\f@nch@O@orf=\skip69
) (c:/texlive/2024/texmf-dist/tex/latex/tools/calc.sty
Package: calc 2023/07/08 v4.3 Infix arithmetic (KKT,FJ)
\calc@Acount=\count311
\calc@Bcount=\count312
\calc@Adimen=\dimen198
\calc@Bdimen=\dimen199
\calc@Askip=\skip70
\calc@Bskip=\skip71
LaTeX Info: Redefining \setlength on input line 80.
LaTeX Info: Redefining \addtolength on input line 81.
\calc@Ccount=\count313
\calc@Cskip=\skip72
) (c:/texlive/2024/texmf-dist/tex/latex/tools/longtable.sty
Package: longtable 2023-11-01 v4.19 Multi-page Table package (DPC)
\LTleft=\skip73
\LTright=\skip74
\LTpre=\skip75
\LTpost=\skip76
\LTchunksize=\count314
\LTcapwidth=\dimen256
\LT@head=\box60
\LT@firsthead=\box61
\LT@foot=\box62
\LT@lastfoot=\box63
\LT@gbox=\box64
\LT@cols=\count315
\LT@rows=\count316
\c@LT@tables=\count317
\c@LT@chunks=\count318
\LT@p@ftn=\toks40
) (c:/texlive/2024/texmf-dist/tex/latex/subfig/subfig.sty
Package: subfig 2005/06/28 ver: 1.3 subfig package
 (c:/texlive/2024/texmf-dist/tex/latex/caption/caption.sty
Package: caption 2023/08/05 v3.6o Customizing captions (AR)
 (c:/texlive/2024/texmf-dist/tex/latex/caption/caption3.sty
Package: caption3 2023/07/31 v2.4d caption3 kernel (AR)
\caption@tempdima=\dimen257
\captionmargin=\dimen258
\caption@leftmargin=\dimen259
\caption@rightmargin=\dimen260
\caption@width=\dimen261
\caption@indent=\dimen262
\caption@parindent=\dimen263
\caption@hangindent=\dimen264
Package caption Info: Standard document class detected.
)
\c@caption@flags=\count319
\c@continuedfloat=\count320
Package caption Info: float package is loaded.
Package caption Info: hyperref package is loaded.
Package caption Info: longtable package is loaded.
 (c:/texlive/2024/texmf-dist/tex/latex/caption/ltcaption.sty
Package: ltcaption 2021/01/08 v1.4c longtable captions (AR)
))
\c@KVtest=\count321
\sf@farskip=\skip77
\sf@captopadj=\dimen265
\sf@capskip=\skip78
\sf@nearskip=\skip79
\c@subfigure=\count322
\c@subfigure@save=\count323
\c@lofdepth=\count324
\c@subtable=\count325
\c@subtable@save=\count326
\c@lotdepth=\count327
\sf@top=\skip80
\sf@bottom=\skip81
) (c:/texlive/2024/texmf-dist/tex/latex/tools/tabularx.sty
Package: tabularx 2023/07/08 v2.11c `tabularx' package (DPC)
\TX@col@width=\dimen266
\TX@old@table=\dimen267
\TX@old@col=\dimen268
\TX@target=\dimen269
\TX@delta=\dimen270
\TX@cols=\count328
\TX@ftn=\toks41
) (c:/texlive/2024/texmf-dist/tex/latex/listings/listings.sty
\lst@mode=\count329
\lst@gtempboxa=\box65
\lst@token=\toks42
\lst@length=\count330
\lst@currlwidth=\dimen271
\lst@column=\count331
\lst@pos=\count332
\lst@lostspace=\dimen272
\lst@width=\dimen273
\lst@newlines=\count333
\lst@lineno=\count334
\lst@maxwidth=\dimen274
 (c:/texlive/2024/texmf-dist/tex/latex/listings/lstpatch.sty
File: lstpatch.sty 2024/03/11 1.10a (Carsten Heinz)
) (c:/texlive/2024/texmf-dist/tex/latex/listings/lstmisc.sty
File: lstmisc.sty 2024/03/11 1.10a (Carsten Heinz)
\c@lstnumber=\count335
\lst@skipnumbers=\count336
\lst@framebox=\box66
) (c:/texlive/2024/texmf-dist/tex/latex/listings/listings.cfg
File: listings.cfg 2024/03/11 1.10a listings configuration
))
Package: listings 2024/03/11 1.10a (Carsten Heinz)
 (c:/texlive/2024/texmf-dist/tex/latex/l3backend/l3backend-pdftex.def
File: l3backend-pdftex.def 2024-03-14 L3 backend support: PDF output (pdfTeX)
\l__color_backend_stack_int=\count337
\l__pdf_internal_box=\box67
) (./main.aux (./cover.aux) (./abstract.aux
LaTeX Font Info:    Trying to load font information for LGR+cmr on input line 4.
 (c:/texlive/2024/texmf-dist/tex/latex/cbfonts-fd/lgrcmr.fd
File: lgrcmr.fd 2017/07/29 v1.2 Greek European Computer Regular
)) (./Ch1_Introduction.aux) (./Ch2_Theory.aux) (./Ch3_Methodology.aux) (./CH4_Results.aux) (./Ch5_Conclusions.aux) (./Appendix.aux))
\openout1 = `main.aux'.

LaTeX Font Info:    Checking defaults for OML/cmm/m/it on input line 86.
LaTeX Font Info:    ... okay on input line 86.
LaTeX Font Info:    Checking defaults for OMS/cmsy/m/n on input line 86.
LaTeX Font Info:    ... okay on input line 86.
LaTeX Font Info:    Checking defaults for OT1/cmr/m/n on input line 86.
LaTeX Font Info:    ... okay on input line 86.
LaTeX Font Info:    Checking defaults for T1/cmr/m/n on input line 86.
LaTeX Font Info:    ... okay on input line 86.
LaTeX Font Info:    Checking defaults for TS1/cmr/m/n on input line 86.
LaTeX Font Info:    ... okay on input line 86.
LaTeX Font Info:    Checking defaults for OMX/cmex/m/n on input line 86.
LaTeX Font Info:    ... okay on input line 86.
LaTeX Font Info:    Checking defaults for U/cmr/m/n on input line 86.
LaTeX Font Info:    ... okay on input line 86.
LaTeX Font Info:    Checking defaults for PD1/pdf/m/n on input line 86.
LaTeX Font Info:    ... okay on input line 86.
LaTeX Font Info:    Checking defaults for PU/pdf/m/n on input line 86.
LaTeX Font Info:    ... okay on input line 86.
LaTeX Font Info:    Checking defaults for LGR/cmr/m/n on input line 86.
LaTeX Font Info:    ... okay on input line 86.
 (c:/texlive/2024/texmf-dist/tex/context/base/mkii/supp-pdf.mkii
[Loading MPS to PDF converter (version 2006.09.02).]
\scratchcounter=\count338
\scratchdimen=\dimen275
\scratchbox=\box68
\nofMPsegments=\count339
\nofMParguments=\count340
\everyMPshowfont=\toks43
\MPscratchCnt=\count341
\MPscratchDim=\dimen276
\MPnumerator=\count342
\makeMPintoPDFobject=\count343
\everyMPtoPDFconversion=\toks44
) (c:/texlive/2024/texmf-dist/tex/latex/epstopdf-pkg/epstopdf-base.sty
Package: epstopdf-base 2020-01-24 v2.11 Base part for package epstopdf
Package epstopdf-base Info: Redefining graphics rule for `.eps' on input line 485.
 (c:/texlive/2024/texmf-dist/tex/latex/latexconfig/epstopdf-sys.cfg
File: epstopdf-sys.cfg 2010/07/13 v1.3 Configuration of (r)epstopdf for TeX Live
))
Package hyperref Info: Link coloring OFF on input line 86.
 (./main.out) (./main.out)
\@outlinefile=\write4
\openout4 = `main.out'.


*geometry* driver: auto-detecting
*geometry* detected driver: pdftex
*geometry* verbose mode - [ preamble ] result:
* driver: pdftex
* paper: <default>
* layout: <same size as paper>
* layoutoffset:(h,v)=(0.0pt,0.0pt)
* modes: 
* h-part:(L,W,R)=(92.14519pt, 430.00462pt, 92.14519pt)
* v-part:(T,H,B)=(95.39737pt, 556.47656pt, 143.09605pt)
* \paperwidth=614.295pt
* \paperheight=794.96999pt
* \textwidth=430.00462pt
* \textheight=556.47656pt
* \oddsidemargin=19.8752pt
* \evensidemargin=19.8752pt
* \topmargin=-16.37262pt
* \headheight=14.5pt
* \headsep=25.0pt
* \topskip=12.0pt
* \footskip=90.0pt
* \marginparwidth=44.0pt
* \marginparsep=10.0pt
* \columnsep=10.0pt
* \skip\footins=10.8pt plus 4.0pt minus 2.0pt
* \hoffset=0.0pt
* \voffset=0.0pt
* \mag=1000
* \@twocolumnfalse
* \@twosidefalse
* \@mparswitchfalse
* \@reversemarginfalse
* (1in=72.27pt=25.4mm, 1cm=28.453pt)

(c:/texlive/2024/texmf-dist/tex/latex/greek-fontenc/puenc-greek.def
File: puenc-greek.def 2023-09-12 2.5 Greek LICRs for PDF strings
 (c:/texlive/2024/texmf-dist/tex/latex/greek-fontenc/greek-fontenc.def
File: greek-fontenc.def 2023-09-12 2.5 Common Greek font encoding definitions
))
Package caption Info: Begin \AtBeginDocument code.
Package caption Info: subfig package v1.3 is loaded.
Package caption Info: listings package is loaded.
Package caption Info: End \AtBeginDocument code.
\c@lstlisting=\count344
\openout2 = `cover.aux'.

 (./cover.tex
*geometry* verbose mode - [ newgeometry ] result:
* driver: pdftex
* paper: <default>
* layout: <same size as paper>
* layoutoffset:(h,v)=(0.0pt,0.0pt)
* modes: 
* h-part:(L,W,R)=(108.405pt, 397.485pt, 108.405pt)
* v-part:(T,H,B)=(36.135pt, 686.565pt, 72.26999pt)
* \paperwidth=614.295pt
* \paperheight=794.96999pt
* \textwidth=397.485pt
* \textheight=686.565pt
* \oddsidemargin=36.13501pt
* \evensidemargin=36.13501pt
* \topmargin=-75.635pt
* \headheight=14.5pt
* \headsep=25.0pt
* \topskip=12.0pt
* \footskip=90.0pt
* \marginparwidth=44.0pt
* \marginparsep=10.0pt
* \columnsep=10.0pt
* \skip\footins=10.8pt plus 4.0pt minus 2.0pt
* \hoffset=0.0pt
* \voffset=0.0pt
* \mag=1000
* \@twocolumnfalse
* \@twosidefalse
* \@mparswitchfalse
* \@reversemarginfalse
* (1in=72.27pt=25.4mm, 1cm=28.453pt)

<images/Results/modal/mode4_17.386Hz.png, id=236, 692.92209pt x 400.49625pt>
File: images/Results/modal/mode4_17.386Hz.png Graphic file (type png)
<use images/Results/modal/mode4_17.386Hz.png>
Package pdftex.def Info: images/Results/modal/mode4_17.386Hz.png  used on input line 7.
(pdftex.def)             Requested size: 491.43787pt x 284.04266pt.
<images/LogoAUTH.png, id=238, 301.125pt x 301.125pt>
File: images/LogoAUTH.png Graphic file (type png)
<use images/LogoAUTH.png>
Package pdftex.def Info: images/LogoAUTH.png  used on input line 15.
(pdftex.def)             Requested size: 85.35826pt x 85.35744pt.
 [1



{c:/texlive/2024/texmf-var/fonts/map/pdftex/updmap/pdftex.map} <./images/Results/modal/mode4_17.386Hz.png> <./images/LogoAUTH.png>])
\openout2 = `abstract.aux'.

 (./abstract.tex
pdfTeX warning (ext4): destination with the same identifier (name{page.i}) has been already used, duplicate ignored
<to be read again> 
                   \relax 
l.15 \end{abstract}
                    [1




]
pdfTeX warning (ext4): destination with the same identifier (name{page.i}) has been already used, duplicate ignored
<to be read again> 
                   \relax 
l.35 \end{abstract}
                    [1]) (./main.toc
pdfTeX warning (ext4): destination with the same identifier (name{page.i}) has been already used, duplicate ignored
<to be read again> 
                   \relax 
l.24 ...Optimization techniques }{37}{section.2.4}
                                                  % [1



] [2])
\tf@toc=\write5
\openout5 = `main.toc'.

 [3] (./main.lof [4

] [5])
\tf@lof=\write6
\openout6 = `main.lof'.

 [6] (./main.lot)
\tf@lot=\write7
\openout7 = `main.lot'.

 [7

]
\openout2 = `Ch1_Introduction.aux'.

 (./Ch1_Introduction.tex
Chapter 1.
[1



] [2

{c:/texlive/2024/texmf-dist/fonts/enc/dvips/cm-super/cm-super-ts1.enc}] [3

] [4

]) [5

]
\openout2 = `Ch2_Theory.aux'.

 (./Ch2_Theory.tex
Chapter 2.
[6




]
<images/svg-inkscape/plate element axes_svg-raw.pdf, id=547, 581.61438pt x 323.11906pt>
File: images/svg-inkscape/plate element axes_svg-raw.pdf Graphic file (type pdf)
<use images/svg-inkscape/plate element axes_svg-raw.pdf>
Package pdftex.def Info: images/svg-inkscape/plate element axes_svg-raw.pdf  used on input line 28.
(pdftex.def)             Requested size: 581.61296pt x 323.11826pt.


LaTeX Warning: `h' float specifier changed to `ht'.

[7

] [8 <./images/svg-inkscape/plate element axes_svg-raw.pdf>] [9]
<images/composite layers definition.png, id=593, 532.48938pt x 522.95375pt>
File: images/composite layers definition.png Graphic file (type png)
<use images/composite layers definition.png>
Package pdftex.def Info: images/composite layers definition.png  used on input line 189.
(pdftex.def)             Requested size: 301.00192pt x 295.62103pt.
 [10 <./images/composite layers definition.png>] [11] [12] [13] [14] [15] [16]
<images/nodes and coordinates of qudrilateral elements.png, id=660, 476.27937pt x 191.71625pt>
File: images/nodes and coordinates of qudrilateral elements.png Graphic file (type png)
<use images/nodes and coordinates of qudrilateral elements.png>
Package pdftex.def Info: images/nodes and coordinates of qudrilateral elements.png  used on input line 636.
(pdftex.def)             Requested size: 381.024pt x 153.3732pt.
 [17]
<images/svg-inkscape/full and reduced integration gauss points_svg-raw.pdf, id=674, 963.6pt x 542.025pt>
File: images/svg-inkscape/full and reduced integration gauss points_svg-raw.pdf Graphic file (type pdf)
<use images/svg-inkscape/full and reduced integration gauss points_svg-raw.pdf>
Package pdftex.def Info: images/svg-inkscape/full and reduced integration gauss points_svg-raw.pdf  used on input line 664.
(pdftex.def)             Requested size: 963.59766pt x 542.02367pt.
 [18 <./images/nodes and coordinates of qudrilateral elements.png>]

LaTeX Warning: `h' float specifier changed to `ht'.

[19 <./images/svg-inkscape/full and reduced integration gauss points_svg-raw.pdf>]
<images/local and global axes of element .png, id=706, 429.605pt x 279.0425pt>
File: images/local and global axes of element .png Graphic file (type png)
<use images/local and global axes of element .png>
Package pdftex.def Info: images/local and global axes of element .png  used on input line 760.
(pdftex.def)             Requested size: 430.00462pt x 279.30579pt.
 [20] [21 <./images/local and global axes of element .png>]
Overfull \hbox (3.30515pt too wide) in paragraph at lines 779--779
|[]\OT1/cmr/bx/n/17.28 Aerodynamic The-ory -- Vor-tex Lat-tice Method
 []

<images/vortex filament.png, id=722, 255.95625pt x 134.5025pt>
File: images/vortex filament.png Graphic file (type png)
<use images/vortex filament.png>
Package pdftex.def Info: images/vortex filament.png  used on input line 793.
(pdftex.def)             Requested size: 344.005pt x 180.78241pt.
[22

 <./images/Vortex Filament.png>]
<images/induced velocity random vortex distribution.png, id=732, 327.2225pt x 229.35687pt>
File: images/induced velocity random vortex distribution.png Graphic file (type png)
<use images/induced velocity random vortex distribution.png>
Package pdftex.def Info: images/induced velocity random vortex distribution.png  used on input line 821.
(pdftex.def)             Requested size: 344.005pt x 241.11879pt.
 [23 <./images/induced velocity random vortex distribution.png>]
<images/finite vortex filament.png, id=748, 385.94188pt x 266.9975pt>
File: images/finite vortex filament.png Graphic file (type png)
<use images/finite vortex filament.png>
Package pdftex.def Info: images/finite vortex filament.png  used on input line 868.
(pdftex.def)             Requested size: 344.005pt x 237.98552pt.
 [24 <./images/finite vortex filament.png>]
<images/viewing angles straight vortex segment.png, id=759, 319.69438pt x 248.93pt>
File: images/viewing angles straight vortex segment.png Graphic file (type png)
<use images/viewing angles straight vortex segment.png>
Package pdftex.def Info: images/viewing angles straight vortex segment.png  used on input line 905.
(pdftex.def)             Requested size: 210.70462pt x 164.06639pt.
<images/vortex segment vectors.png, id=760, 249.93375pt x 248.42813pt>
File: images/vortex segment vectors.png Graphic file (type png)
<use images/vortex segment vectors.png>
Package pdftex.def Info: images/vortex segment vectors.png  used on input line 910.
(pdftex.def)             Requested size: 210.70462pt x 209.44392pt.
 [25 <./images/viewing angles straight vortex segment.png> <./images/vortex segment vectors.png>]
Overfull \hbox (3.08647pt too wide) in paragraph at lines 936--936
|[]\OT1/cmr/bx/n/14.4 Lifting Sur-face Com-pu-ta-tional So-lu-tion by Vor-tex Ring
 []

<images/Quadrilateral vortex ring element.png, id=773, 383.2719pt x 280.28716pt>
File: images/Quadrilateral vortex ring element.png Graphic file (type png)
<use images/Quadrilateral vortex ring element.png>
Package pdftex.def Info: images/Quadrilateral vortex ring element.png  used on input line 963.
(pdftex.def)             Requested size: 344.005pt x 251.58463pt.
[26]
<images/vortex ring model.png, id=782, 519.9425pt x 321.2pt>
File: images/vortex ring model.png Graphic file (type png)
<use images/vortex ring model.png>
Package pdftex.def Info: images/vortex ring model.png  used on input line 995.
(pdftex.def)             Requested size: 430.00462pt x 265.64021pt.
 [27 <./images/Quadrilateral vortex ring element.png>]
<images/2D ARRAY OF PANELS.png, id=794, 413.04312pt x 197.73875pt>
File: images/2D ARRAY OF PANELS.png Graphic file (type png)
<use images/2D ARRAY OF PANELS.png>
Package pdftex.def Info: images/2D ARRAY OF PANELS.png  used on input line 1017.
(pdftex.def)             Requested size: 430.00462pt x 205.86371pt.
 [28 <./images/vortex ring model.png>] [29 <./images/2D ARRAY OF PANELS.png>] [30] [31

]
<images/surface spline.png, id=824, 453.19313pt x 302.63063pt>
File: images/surface spline.png Graphic file (type png)
<use images/surface spline.png>
Package pdftex.def Info: images/surface spline.png  used on input line 1150.
(pdftex.def)             Requested size: 387.00153pt x 258.42862pt.
 [32 <./images/surface spline.png>] [33] [34] [35] [36]
<images/brents_six_points.png, id=875, 514.92375pt x 199.24437pt>
File: images/brents_six_points.png Graphic file (type png)
<use images/brents_six_points.png>
Package pdftex.def Info: images/brents_six_points.png  used on input line 1438.
(pdftex.def)             Requested size: 430.00462pt x 166.38821pt.
 [37

]
<images/brents algorithm termination configuration.png, id=885, 477.785pt x 189.70876pt>
File: images/brents algorithm termination configuration.png Graphic file (type png)
<use images/brents algorithm termination configuration.png>
Package pdftex.def Info: images/brents algorithm termination configuration.png  used on input line 1506.
(pdftex.def)             Requested size: 430.00462pt x 170.73628pt.
 [38 <./images/brents_six_points.png>]
<images/cyclic coordinate search.png, id=902, 572.1375pt x 503.38063pt>
File: images/cyclic coordinate search.png Graphic file (type png)
<use images/cyclic coordinate search.png>
Package pdftex.def Info: images/cyclic coordinate search.png  used on input line 1542.
(pdftex.def)             Requested size: 215.0023pt x 189.16667pt.
 [39 <./images/brents algorithm termination configuration.png>]
<images/powells method.png, id=914, 277.035pt x 233.87375pt>
File: images/powells method.png Graphic file (type png)
<use images/powells method.png>
Package pdftex.def Info: images/powells method.png  used on input line 1585.
(pdftex.def)             Requested size: 215.0023pt x 181.5072pt.
 [40 <./images/cyclic coordinate search.png>] [41 <./images/powells method.png>]
<images/single point crossover.png, id=931, 341.275pt x 65.24374pt>
File: images/single point crossover.png Graphic file (type png)
<use images/single point crossover.png>
Package pdftex.def Info: images/single point crossover.png  used on input line 1656.
(pdftex.def)             Requested size: 430.00462pt x 82.21251pt.
 [42]
<images/two point crossover.png, id=938, 324.21124pt x 57.88292pt>
File: images/two point crossover.png Graphic file (type png)
<use images/two point crossover.png>
Package pdftex.def Info: images/two point crossover.png  used on input line 1670.
(pdftex.def)             Requested size: 430.00462pt x 76.77574pt.
<images/uniform crossover.png, id=941, 324.21124pt x 47.51083pt>
File: images/uniform crossover.png Graphic file (type png)
<use images/uniform crossover.png>
Package pdftex.def Info: images/uniform crossover.png  used on input line 1683.
(pdftex.def)             Requested size: 430.00462pt x 63.01822pt.
 [43 <./images/single point crossover.png> <./images/two point crossover.png> <./images/uniform crossover.png>]
<images/svg-inkscape/Neuron_svg-raw.pdf, id=948, 963.6pt x 542.025pt>
File: images/svg-inkscape/Neuron_svg-raw.pdf Graphic file (type pdf)
<use images/svg-inkscape/Neuron_svg-raw.pdf>
Package pdftex.def Info: images/svg-inkscape/Neuron_svg-raw.pdf  used on input line 1714.
(pdftex.def)             Requested size: 963.59766pt x 542.02367pt.
 [44]
<images/svg-inkscape/Neural Network_svg-raw.pdf, id=953, 683.51625pt x 336.54541pt>
File: images/svg-inkscape/Neural Network_svg-raw.pdf Graphic file (type pdf)
<use images/svg-inkscape/Neural Network_svg-raw.pdf>
Package pdftex.def Info: images/svg-inkscape/Neural Network_svg-raw.pdf  used on input line 1743.
(pdftex.def)             Requested size: 683.51457pt x 336.54459pt.
 [45 <./images/svg-inkscape/Neuron_svg-raw.pdf>] [46 <./images/svg-inkscape/Neural Network_svg-raw.pdf>] [47]) [48]
\openout2 = `Ch3_Methodology.aux'.

 (./Ch3_Methodology.tex
Chapter 3.
[49




]
<images/ASW28_characteristics.png, id=1034, 310.15875pt x 556.0775pt>
File: images/ASW28_characteristics.png Graphic file (type png)
<use images/ASW28_characteristics.png>
Package pdftex.def Info: images/ASW28_characteristics.png  used on input line 31.
(pdftex.def)             Requested size: 211.08119pt x 378.44164pt.
 [50

]
<images/ASW 28 3side view.png, id=1041, 481.8pt x 275.8305pt>
File: images/ASW 28 3side view.png Graphic file (type png)
<use images/ASW 28 3side view.png>
Package pdftex.def Info: images/ASW 28 3side view.png  used on input line 38.
(pdftex.def)             Requested size: 397.68103pt x 242.05817pt.
 [51 <./images/ASW28_characteristics.png>] [52 <./images/ASW 28 3side view.png>]
<images/ASW 28 External Geometry.png, id=1056, 460.995pt x 261.267pt>
File: images/ASW 28 External Geometry.png Graphic file (type png)
<use images/ASW 28 External Geometry.png>
Package pdftex.def Info: images/ASW 28 External Geometry.png  used on input line 71.
(pdftex.def)             Requested size: 430.00462pt x 243.7133pt.
 [53

 <./images/ASW 28 External Geometry.png>]
<images/ASW 28 Internal Geometry.png, id=1062, 489.32813pt x 281.55188pt>
File: images/ASW 28 Internal Geometry.png Graphic file (type png)
<use images/ASW 28 Internal Geometry.png>
Package pdftex.def Info: images/ASW 28 Internal Geometry.png  used on input line 93.
(pdftex.def)             Requested size: 430.00462pt x 247.42271pt.
<images/ASW 28 Wing Mesh.png, id=1063, 672.01062pt x 363.3575pt>
File: images/ASW 28 Wing Mesh.png Graphic file (type png)
<use images/ASW 28 Wing Mesh.png>
Package pdftex.def Info: images/ASW 28 Wing Mesh.png  used on input line 112.
(pdftex.def)             Requested size: 430.00462pt x 232.50363pt.
 [54 <./images/ASW 28 Internal Geometry.png>]
<images/ASW 28 Wing Skin Mesh.png, id=1069, 645.91313pt x 414.54875pt>
File: images/ASW 28 Wing Skin Mesh.png Graphic file (type png)
<use images/ASW 28 Wing Skin Mesh.png>
Package pdftex.def Info: images/ASW 28 Wing Skin Mesh.png  used on input line 118.
(pdftex.def)             Requested size: 430.00462pt x 275.97507pt.
 [55 <./images/ASW 28 Wing Mesh.png>] [56 <./images/ASW 28 Wing Skin Mesh.png>] [57]
<images/ASW 28 SPC.png, id=1090, 822.07124pt x 548.54938pt>
File: images/ASW 28 SPC.png Graphic file (type png)
<use images/ASW 28 SPC.png>
Package pdftex.def Info: images/ASW 28 SPC.png  used on input line 211.
(pdftex.def)             Requested size: 430.00462pt x 286.92972pt.
 [58 <./images/ASW 28 SPC.png>]
<images/CAERO1 Coordinate system.png, id=1096, 390.45876pt x 370.88562pt>
File: images/CAERO1 Coordinate system.png Graphic file (type png)
<use images/CAERO1 Coordinate system.png>
Package pdftex.def Info: images/CAERO1 Coordinate system.png  used on input line 241.
(pdftex.def)             Requested size: 258.00539pt x 245.07954pt.
<images/ASW 28 Aerodynamic grid.png, id=1099, 1063.47313pt x 511.9125pt>
File: images/ASW 28 Aerodynamic grid.png Graphic file (type png)
<use images/ASW 28 Aerodynamic grid.png>
Package pdftex.def Info: images/ASW 28 Aerodynamic grid.png  used on input line 254.
(pdftex.def)             Requested size: 336.24532pt x 218.06375pt.
 [59 <./images/CAERO1 Coordinate system.png>] [60 <./images/ASW 28 Aerodynamic grid.png>]
<images/ASW 28 splines.png, id=1111, 709.65125pt x 388.45125pt>
File: images/ASW 28 splines.png Graphic file (type png)
<use images/ASW 28 splines.png>
Package pdftex.def Info: images/ASW 28 splines.png  used on input line 305.
(pdftex.def)             Requested size: 430.00462pt x 235.38417pt.
 [61 <./images/ASW 28 splines.png>] [62] [63] [64] [65] [66]
<images/svg-inkscape/Flt file explanation_svg-raw.pdf, id=1159, 963.6pt x 542.025pt>
File: images/svg-inkscape/Flt file explanation_svg-raw.pdf Graphic file (type pdf)
<use images/svg-inkscape/Flt file explanation_svg-raw.pdf>
Package pdftex.def Info: images/svg-inkscape/Flt file explanation_svg-raw.pdf  used on input line 564.
(pdftex.def)             Requested size: 963.59766pt x 542.02367pt.
 [67

 <./images/svg-inkscape/Flt file explanation_svg-raw.pdf>]
<images/Example VG plot.png, id=1181, 437.83575pt x 428.802pt>
File: images/Example VG plot.png Graphic file (type png)
<use images/Example VG plot.png>
Package pdftex.def Info: images/Example VG plot.png  used on input line 590.
(pdftex.def)             Requested size: 212.85017pt x 208.45944pt.
<images/Example VF plot.png, id=1182, 431.81325pt x 425.79076pt>
File: images/Example VF plot.png Graphic file (type png)
<use images/Example VF plot.png>
Package pdftex.def Info: images/Example VF plot.png  used on input line 595.
(pdftex.def)             Requested size: 212.85017pt x 209.88672pt.
 [68 <./images/Example VG plot.png> <./images/Example VF plot.png>] [69] [70]
<images/svg-inkscape/Antisymmetric layers_svg-raw.pdf, id=1203, 963.6pt x 542.025pt>
File: images/svg-inkscape/Antisymmetric layers_svg-raw.pdf Graphic file (type pdf)
<use images/svg-inkscape/Antisymmetric layers_svg-raw.pdf>
Package pdftex.def Info: images/svg-inkscape/Antisymmetric layers_svg-raw.pdf  used on input line 721.
(pdftex.def)             Requested size: 963.59766pt x 542.02367pt.
 [71

] [72 <./images/svg-inkscape/Antisymmetric layers_svg-raw.pdf>] [73]
Underfull \hbox (badness 10000) in paragraph at lines 849--850

 []

[74] [75] [76] [77] [78]
<images/Results/Neural Net/1HL/structure.png, id=1281, 1014.79124pt x 1143.27126pt>
File: images/Results/Neural Net/1HL/structure.png Graphic file (type png)
<use images/Results/Neural Net/1HL/structure.png>
Package pdftex.def Info: images/Results/Neural Net/1HL/structure.png  used on input line 1101.
(pdftex.def)             Requested size: 171.99922pt x 193.7604pt.

Underfull \hbox (badness 2990) in paragraph at lines 1102--1102
[]\OT1/cmr/m/n/12 Figure 3.14: |Neu-ral Net-work
 []

<images/Results/Neural Net/2HL/structure.png, id=1282, 1039.885pt x 1586.92876pt>
File: images/Results/Neural Net/2HL/structure.png Graphic file (type png)
<use images/Results/Neural Net/2HL/structure.png>
Package pdftex.def Info: images/Results/Neural Net/2HL/structure.png  used on input line 1107.
(pdftex.def)             Requested size: 171.99922pt x 262.46152pt.

Underfull \hbox (badness 2990) in paragraph at lines 1108--1108
[]\OT1/cmr/m/n/12 Figure 3.15: |Neu-ral Net-work
 []

[79]
<images/Results/Neural Net/4HL/structure.png, id=1288, 1039.885pt x 2473.24pt>
File: images/Results/Neural Net/4HL/structure.png Graphic file (type png)
<use images/Results/Neural Net/4HL/structure.png>
Package pdftex.def Info: images/Results/Neural Net/4HL/structure.png  used on input line 1118.
(pdftex.def)             Requested size: 171.99922pt x 409.0482pt.

Underfull \hbox (badness 2990) in paragraph at lines 1119--1119
[]\OT1/cmr/m/n/12 Figure 3.16: |Neu-ral Net-work
 []

<images/Results/Neural Net/6HL/structure.png, id=1289, 1039.885pt x 3359.55125pt>
File: images/Results/Neural Net/6HL/structure.png Graphic file (type png)
<use images/Results/Neural Net/6HL/structure.png>
Package pdftex.def Info: images/Results/Neural Net/6HL/structure.png  used on input line 1124.
(pdftex.def)             Requested size: 171.99922pt x 555.63487pt.

Underfull \hbox (badness 2990) in paragraph at lines 1125--1125
[]\OT1/cmr/m/n/12 Figure 3.17: |Neu-ral Net-work
 []

[80 <./images/Results/Neural Net/1HL/structure.png> <./images/Results/Neural Net/2HL/structure.png>]
Overfull \vbox (38.1583pt too high) has occurred while \output is active []

 [81 <./images/Results/Neural Net/4HL/structure.png> <./images/Results/Neural Net/6HL/structure.png>]) [82]
\openout2 = `CH4_Results.aux'.

 (./CH4_Results.tex
Chapter 4.
[83




]
<images/Results/modal/mode1_1.518Hz.png, id=1314, 692.92209pt x 400.49625pt>
File: images/Results/modal/mode1_1.518Hz.png Graphic file (type png)
<use images/Results/modal/mode1_1.518Hz.png>
Package pdftex.def Info: images/Results/modal/mode1_1.518Hz.png  used on input line 14.
(pdftex.def)             Requested size: 215.0023pt x 124.26866pt.
<images/Results/modal/mode2_7.042Hz.png, id=1315, 692.92209pt x 400.49625pt>
File: images/Results/modal/mode2_7.042Hz.png Graphic file (type png)
<use images/Results/modal/mode2_7.042Hz.png>
Package pdftex.def Info: images/Results/modal/mode2_7.042Hz.png  used on input line 15.
(pdftex.def)             Requested size: 215.0023pt x 124.26866pt.
<images/Results/modal/mode3_7.061Hz.png, id=1316, 692.92209pt x 400.49625pt>
File: images/Results/modal/mode3_7.061Hz.png Graphic file (type png)
<use images/Results/modal/mode3_7.061Hz.png>
Package pdftex.def Info: images/Results/modal/mode3_7.061Hz.png  used on input line 16.
(pdftex.def)             Requested size: 215.0023pt x 124.26866pt.
File: images/Results/modal/mode4_17.386Hz.png Graphic file (type png)
<use images/Results/modal/mode4_17.386Hz.png>
Package pdftex.def Info: images/Results/modal/mode4_17.386Hz.png  used on input line 17.
(pdftex.def)             Requested size: 215.0023pt x 124.26866pt.
<images/Results/modal/mode5_30.0168Hz.png, id=1317, 692.92209pt x 400.49625pt>
File: images/Results/modal/mode5_30.0168Hz.png Graphic file (type png)
<use images/Results/modal/mode5_30.0168Hz.png>
Package pdftex.def Info: images/Results/modal/mode5_30.0168Hz.png  used on input line 18.
(pdftex.def)             Requested size: 215.0023pt x 124.26866pt.
<images/Results/modal/mode6 33.998Hz.png, id=1318, 692.92209pt x 400.49625pt>
File: images/Results/modal/mode6 33.998Hz.png Graphic file (type png)
<use images/Results/modal/mode6 33.998Hz.png>
Package pdftex.def Info: images/Results/modal/mode6 33.998Hz.png  used on input line 19.
(pdftex.def)             Requested size: 215.0023pt x 124.26866pt.
 [84

] [85 <./images/Results/modal/mode1_1.518Hz.png> <./images/Results/modal/mode2_7.042Hz.png> <./images/Results/modal/mode3_7.061Hz.png> <./images/Results/modal/mode5_30.0168Hz.png> <./images/Results/modal/mode6 33.998Hz.png>] [86]
<images/Results/Flutter/svg-inkscape/initialFlutter_svg-raw.pdf, id=1343, 462.52798pt x 346.89601pt>
File: images/Results/Flutter/svg-inkscape/initialFlutter_svg-raw.pdf Graphic file (type pdf)
<use images/Results/Flutter/svg-inkscape/initialFlutter_svg-raw.pdf>
Package pdftex.def Info: images/Results/Flutter/svg-inkscape/initialFlutter_svg-raw.pdf  used on input line 64.
(pdftex.def)             Requested size: 462.52684pt x 346.89516pt.
<images/Results/Flutter/svg-inkscape/InitialFlutterMode3_svg-raw.pdf, id=1344, 462.52798pt x 346.89601pt>
File: images/Results/Flutter/svg-inkscape/InitialFlutterMode3_svg-raw.pdf Graphic file (type pdf)
<use images/Results/Flutter/svg-inkscape/InitialFlutterMode3_svg-raw.pdf>
Package pdftex.def Info: images/Results/Flutter/svg-inkscape/InitialFlutterMode3_svg-raw.pdf  used on input line 72.
(pdftex.def)             Requested size: 462.52684pt x 346.89516pt.
 [87

 <./images/Results/Flutter/svg-inkscape/initialFlutter_svg-raw.pdf>] [88 <./images/Results/Flutter/svg-inkscape/InitialFlutterMode3_svg-raw.pdf>]
<images/Results/Powell/svg-inkscape/Objective1_svg-raw.pdf, id=1573, 462.52798pt x 346.89601pt>
File: images/Results/Powell/svg-inkscape/Objective1_svg-raw.pdf Graphic file (type pdf)
<use images/Results/Powell/svg-inkscape/Objective1_svg-raw.pdf>
Package pdftex.def Info: images/Results/Powell/svg-inkscape/Objective1_svg-raw.pdf  used on input line 101.
(pdftex.def)             Requested size: 462.52684pt x 346.89516pt.
<images/Results/Powell/svg-inkscape/Variables1_svg-raw.pdf, id=1574, 462.52798pt x 346.89601pt>
File: images/Results/Powell/svg-inkscape/Variables1_svg-raw.pdf Graphic file (type pdf)
<use images/Results/Powell/svg-inkscape/Variables1_svg-raw.pdf>
Package pdftex.def Info: images/Results/Powell/svg-inkscape/Variables1_svg-raw.pdf  used on input line 108.
(pdftex.def)             Requested size: 462.52684pt x 346.89516pt.
 [89

 <./images/Results/Powell/svg-inkscape/Objective1_svg-raw.pdf>] [90 <./images/Results/Powell/svg-inkscape/Variables1_svg-raw.pdf>]
<images/Results/Powell/svg-inkscape/Flutter1_svg-raw.pdf, id=1824, 462.52798pt x 346.89601pt>
File: images/Results/Powell/svg-inkscape/Flutter1_svg-raw.pdf Graphic file (type pdf)
<use images/Results/Powell/svg-inkscape/Flutter1_svg-raw.pdf>
Package pdftex.def Info: images/Results/Powell/svg-inkscape/Flutter1_svg-raw.pdf  used on input line 126.
(pdftex.def)             Requested size: 462.52684pt x 346.89516pt.
<images/Results/Powell/svg-inkscape/Flutter1Mode3_svg-raw.pdf, id=1825, 462.52798pt x 346.89601pt>
File: images/Results/Powell/svg-inkscape/Flutter1Mode3_svg-raw.pdf Graphic file (type pdf)
<use images/Results/Powell/svg-inkscape/Flutter1Mode3_svg-raw.pdf>
Package pdftex.def Info: images/Results/Powell/svg-inkscape/Flutter1Mode3_svg-raw.pdf  used on input line 136.
(pdftex.def)             Requested size: 462.52684pt x 346.89516pt.
 [91 <./images/Results/Powell/svg-inkscape/Flutter1_svg-raw.pdf>]
<images/Results/Powell/svg-inkscape/Objective2_svg-raw.pdf, id=1955, 462.52798pt x 346.89601pt>
File: images/Results/Powell/svg-inkscape/Objective2_svg-raw.pdf Graphic file (type pdf)
<use images/Results/Powell/svg-inkscape/Objective2_svg-raw.pdf>
Package pdftex.def Info: images/Results/Powell/svg-inkscape/Objective2_svg-raw.pdf  used on input line 155.
(pdftex.def)             Requested size: 462.52684pt x 346.89516pt.
 [92 <./images/Results/Powell/svg-inkscape/Flutter1Mode3_svg-raw.pdf>]
<images/Results/Powell/svg-inkscape/Variables2_svg-raw.pdf, id=2045, 462.52798pt x 346.89601pt>
File: images/Results/Powell/svg-inkscape/Variables2_svg-raw.pdf Graphic file (type pdf)
<use images/Results/Powell/svg-inkscape/Variables2_svg-raw.pdf>
Package pdftex.def Info: images/Results/Powell/svg-inkscape/Variables2_svg-raw.pdf  used on input line 162.
(pdftex.def)             Requested size: 462.52684pt x 346.89516pt.
 [93 <./images/Results/Powell/svg-inkscape/Objective2_svg-raw.pdf>]
<images/Results/Powell/svg-inkscape/Flutter2_svg-raw.pdf, id=2093, 462.52798pt x 346.89601pt>
File: images/Results/Powell/svg-inkscape/Flutter2_svg-raw.pdf Graphic file (type pdf)
<use images/Results/Powell/svg-inkscape/Flutter2_svg-raw.pdf>
Package pdftex.def Info: images/Results/Powell/svg-inkscape/Flutter2_svg-raw.pdf  used on input line 176.
(pdftex.def)             Requested size: 462.52684pt x 346.89516pt.
 [94 <./images/Results/Powell/svg-inkscape/Variables2_svg-raw.pdf>]
<images/Results/Powell/svg-inkscape/Flutter2Mode3_svg-raw.pdf, id=2251, 462.52798pt x 346.89601pt>
File: images/Results/Powell/svg-inkscape/Flutter2Mode3_svg-raw.pdf Graphic file (type pdf)
<use images/Results/Powell/svg-inkscape/Flutter2Mode3_svg-raw.pdf>
Package pdftex.def Info: images/Results/Powell/svg-inkscape/Flutter2Mode3_svg-raw.pdf  used on input line 183.
(pdftex.def)             Requested size: 462.52684pt x 346.89516pt.
 [95 <./images/Results/Powell/svg-inkscape/Flutter2_svg-raw.pdf>]
Underfull \hbox (badness 10000) in paragraph at lines 195--196

 []

[96 <./images/Results/Powell/svg-inkscape/Flutter2Mode3_svg-raw.pdf>]
<images/Results/genetic algorithm/svg-inkscape/fitness_svg-raw.pdf, id=2466, 462.52798pt x 346.89601pt>
File: images/Results/genetic algorithm/svg-inkscape/fitness_svg-raw.pdf Graphic file (type pdf)
<use images/Results/genetic algorithm/svg-inkscape/fitness_svg-raw.pdf>
Package pdftex.def Info: images/Results/genetic algorithm/svg-inkscape/fitness_svg-raw.pdf  used on input line 208.
(pdftex.def)             Requested size: 462.52684pt x 346.89516pt.
<images/Results/genetic algorithm/svg-inkscape/genes_svg-raw.pdf, id=2467, 578.16pt x 433.62pt>
File: images/Results/genetic algorithm/svg-inkscape/genes_svg-raw.pdf Graphic file (type pdf)
<use images/Results/genetic algorithm/svg-inkscape/genes_svg-raw.pdf>
Package pdftex.def Info: images/Results/genetic algorithm/svg-inkscape/genes_svg-raw.pdf  used on input line 216.
(pdftex.def)             Requested size: 578.15858pt x 433.61894pt.
 [97

 <./images/Results/genetic algorithm/svg-inkscape/fitness_svg-raw.pdf>]
<images/Results/genetic algorithm/svg-inkscape/FlutterPlot4modes_svg-raw.pdf, id=2530, 462.52798pt x 346.89601pt>
File: images/Results/genetic algorithm/svg-inkscape/FlutterPlot4modes_svg-raw.pdf Graphic file (type pdf)
<use images/Results/genetic algorithm/svg-inkscape/FlutterPlot4modes_svg-raw.pdf>
Package pdftex.def Info: images/Results/genetic algorithm/svg-inkscape/FlutterPlot4modes_svg-raw.pdf  used on input line 237.
(pdftex.def)             Requested size: 462.52684pt x 346.89516pt.
 [98 <./images/Results/genetic algorithm/svg-inkscape/genes_svg-raw.pdf>]
<images/Results/genetic algorithm/svg-inkscape/FlutterPlotmode1_svg-raw.pdf, id=2681, 462.52798pt x 346.89601pt>
File: images/Results/genetic algorithm/svg-inkscape/FlutterPlotmode1_svg-raw.pdf Graphic file (type pdf)
<use images/Results/genetic algorithm/svg-inkscape/FlutterPlotmode1_svg-raw.pdf>
Package pdftex.def Info: images/Results/genetic algorithm/svg-inkscape/FlutterPlotmode1_svg-raw.pdf  used on input line 244.
(pdftex.def)             Requested size: 462.52684pt x 346.89516pt.
 [99 <./images/Results/genetic algorithm/svg-inkscape/FlutterPlot4modes_svg-raw.pdf>] [100 <./images/Results/genetic algorithm/svg-inkscape/FlutterPlotmode1_svg-raw.pdf>]
<images/Results/Neural Net/DataExploration/svg-inkscape/pairplot_svg-raw.pdf, id=2912, 903.375pt x 903.375pt>
File: images/Results/Neural Net/DataExploration/svg-inkscape/pairplot_svg-raw.pdf Graphic file (type pdf)
<use images/Results/Neural Net/DataExploration/svg-inkscape/pairplot_svg-raw.pdf>
Package pdftex.def Info: images/Results/Neural Net/DataExploration/svg-inkscape/pairplot_svg-raw.pdf  used on input line 282.
(pdftex.def)             Requested size: 903.3728pt x 903.3728pt.
 [101

] [102 <./images/Results/Neural Net/DataExploration/svg-inkscape/pairplot_svg-raw.pdf>]
<images/Results/Neural Net/1HL/svg-inkscape/traininghistory_svg-raw.pdf, id=3258, 462.52798pt x 346.89601pt>
File: images/Results/Neural Net/1HL/svg-inkscape/traininghistory_svg-raw.pdf Graphic file (type pdf)
<use images/Results/Neural Net/1HL/svg-inkscape/traininghistory_svg-raw.pdf>
Package pdftex.def Info: images/Results/Neural Net/1HL/svg-inkscape/traininghistory_svg-raw.pdf  used on input line 306.
(pdftex.def)             Requested size: 462.52684pt x 346.89516pt.
<images/Results/Neural Net/1HL/svg-inkscape/Ytrue_vs_Ypred_svg-raw.pdf, id=3259, 462.52798pt x 346.89601pt>
File: images/Results/Neural Net/1HL/svg-inkscape/Ytrue_vs_Ypred_svg-raw.pdf Graphic file (type pdf)
<use images/Results/Neural Net/1HL/svg-inkscape/Ytrue_vs_Ypred_svg-raw.pdf>
Package pdftex.def Info: images/Results/Neural Net/1HL/svg-inkscape/Ytrue_vs_Ypred_svg-raw.pdf  used on input line 307.
(pdftex.def)             Requested size: 462.52684pt x 346.89516pt.
<images/Results/Neural Net/1HL/svg-inkscape/Residuals_vs_Ytrue_svg-raw.pdf, id=3260, 462.52798pt x 346.89601pt>
File: images/Results/Neural Net/1HL/svg-inkscape/Residuals_vs_Ytrue_svg-raw.pdf Graphic file (type pdf)
<use images/Results/Neural Net/1HL/svg-inkscape/Residuals_vs_Ytrue_svg-raw.pdf>
Package pdftex.def Info: images/Results/Neural Net/1HL/svg-inkscape/Residuals_vs_Ytrue_svg-raw.pdf  used on input line 308.
(pdftex.def)             Requested size: 462.52684pt x 346.89516pt.
 [103 <./images/Results/Neural Net/1HL/svg-inkscape/traininghistory_svg-raw.pdf> <./images/Results/Neural Net/1HL/svg-inkscape/Ytrue_vs_Ypred_svg-raw.pdf

pdfTeX warning: pdflatex.exe (file ./images/Results/Neural Net/1HL/svg-inkscape/Ytrue_vs_Ypred_svg-raw.pdf): PDF inclusion: multiple pdfs with page group included in a single page
> <./images/Results/Neural Net/1HL/svg-inkscape/Residuals_vs_Ytrue_svg-raw.pdf

pdfTeX warning: pdflatex.exe (file ./images/Results/Neural Net/1HL/svg-inkscape/Residuals_vs_Ytrue_svg-raw.pdf): PDF inclusion: multiple pdfs with page group included in a single page
>]
<images/Results/Neural Net/2HL/svg-inkscape/traininghistory_svg-raw.pdf, id=3421, 462.52798pt x 346.89601pt>
File: images/Results/Neural Net/2HL/svg-inkscape/traininghistory_svg-raw.pdf Graphic file (type pdf)
<use images/Results/Neural Net/2HL/svg-inkscape/traininghistory_svg-raw.pdf>
Package pdftex.def Info: images/Results/Neural Net/2HL/svg-inkscape/traininghistory_svg-raw.pdf  used on input line 321.
(pdftex.def)             Requested size: 462.52684pt x 346.89516pt.
<images/Results/Neural Net/2HL/svg-inkscape/Ytrue_vs_Ypred_svg-raw.pdf, id=3422, 462.52798pt x 346.89601pt>
File: images/Results/Neural Net/2HL/svg-inkscape/Ytrue_vs_Ypred_svg-raw.pdf Graphic file (type pdf)
<use images/Results/Neural Net/2HL/svg-inkscape/Ytrue_vs_Ypred_svg-raw.pdf>
Package pdftex.def Info: images/Results/Neural Net/2HL/svg-inkscape/Ytrue_vs_Ypred_svg-raw.pdf  used on input line 322.
(pdftex.def)             Requested size: 462.52684pt x 346.89516pt.
<images/Results/Neural Net/2HL/svg-inkscape/Residuals_vs_Ytrue_svg-raw.pdf, id=3423, 462.52798pt x 346.89601pt>
File: images/Results/Neural Net/2HL/svg-inkscape/Residuals_vs_Ytrue_svg-raw.pdf Graphic file (type pdf)
<use images/Results/Neural Net/2HL/svg-inkscape/Residuals_vs_Ytrue_svg-raw.pdf>
Package pdftex.def Info: images/Results/Neural Net/2HL/svg-inkscape/Residuals_vs_Ytrue_svg-raw.pdf  used on input line 323.
(pdftex.def)             Requested size: 462.52684pt x 346.89516pt.
 [104 <./images/Results/Neural Net/2HL/svg-inkscape/traininghistory_svg-raw.pdf> <./images/Results/Neural Net/2HL/svg-inkscape/Ytrue_vs_Ypred_svg-raw.pdf

pdfTeX warning: pdflatex.exe (file ./images/Results/Neural Net/2HL/svg-inkscape/Ytrue_vs_Ypred_svg-raw.pdf): PDF inclusion: multiple pdfs with page group included in a single page
> <./images/Results/Neural Net/2HL/svg-inkscape/Residuals_vs_Ytrue_svg-raw.pdf

pdfTeX warning: pdflatex.exe (file ./images/Results/Neural Net/2HL/svg-inkscape/Residuals_vs_Ytrue_svg-raw.pdf): PDF inclusion: multiple pdfs with page group included in a single page
>]
<images/Results/Neural Net/4HL/svg-inkscape/traininghistory_svg-raw.pdf, id=3584, 462.52798pt x 346.89601pt>
File: images/Results/Neural Net/4HL/svg-inkscape/traininghistory_svg-raw.pdf Graphic file (type pdf)
<use images/Results/Neural Net/4HL/svg-inkscape/traininghistory_svg-raw.pdf>
Package pdftex.def Info: images/Results/Neural Net/4HL/svg-inkscape/traininghistory_svg-raw.pdf  used on input line 336.
(pdftex.def)             Requested size: 462.52684pt x 346.89516pt.
<images/Results/Neural Net/4HL/svg-inkscape/Ytrue_vs_Ypred_svg-raw.pdf, id=3585, 462.52798pt x 346.89601pt>
File: images/Results/Neural Net/4HL/svg-inkscape/Ytrue_vs_Ypred_svg-raw.pdf Graphic file (type pdf)
<use images/Results/Neural Net/4HL/svg-inkscape/Ytrue_vs_Ypred_svg-raw.pdf>
Package pdftex.def Info: images/Results/Neural Net/4HL/svg-inkscape/Ytrue_vs_Ypred_svg-raw.pdf  used on input line 337.
(pdftex.def)             Requested size: 462.52684pt x 346.89516pt.
<images/Results/Neural Net/4HL/svg-inkscape/Residuals_vs_Ytrue_svg-raw.pdf, id=3586, 462.52798pt x 346.89601pt>
File: images/Results/Neural Net/4HL/svg-inkscape/Residuals_vs_Ytrue_svg-raw.pdf Graphic file (type pdf)
<use images/Results/Neural Net/4HL/svg-inkscape/Residuals_vs_Ytrue_svg-raw.pdf>
Package pdftex.def Info: images/Results/Neural Net/4HL/svg-inkscape/Residuals_vs_Ytrue_svg-raw.pdf  used on input line 338.
(pdftex.def)             Requested size: 462.52684pt x 346.89516pt.
<images/Results/Neural Net/6HL/svg-inkscape/traininghistory_svg-raw.pdf, id=3588, 462.52798pt x 346.89601pt>
File: images/Results/Neural Net/6HL/svg-inkscape/traininghistory_svg-raw.pdf Graphic file (type pdf)
<use images/Results/Neural Net/6HL/svg-inkscape/traininghistory_svg-raw.pdf>
Package pdftex.def Info: images/Results/Neural Net/6HL/svg-inkscape/traininghistory_svg-raw.pdf  used on input line 351.
(pdftex.def)             Requested size: 462.52684pt x 346.89516pt.
<images/Results/Neural Net/6HL/svg-inkscape/Ytrue_vs_Ypred_svg-raw.pdf, id=3589, 462.52798pt x 346.89601pt>
File: images/Results/Neural Net/6HL/svg-inkscape/Ytrue_vs_Ypred_svg-raw.pdf Graphic file (type pdf)
<use images/Results/Neural Net/6HL/svg-inkscape/Ytrue_vs_Ypred_svg-raw.pdf>
Package pdftex.def Info: images/Results/Neural Net/6HL/svg-inkscape/Ytrue_vs_Ypred_svg-raw.pdf  used on input line 352.
(pdftex.def)             Requested size: 462.52684pt x 346.89516pt.
<images/Results/Neural Net/6HL/svg-inkscape/Residuals_vs_Ytrue_svg-raw.pdf, id=3590, 462.52798pt x 346.89601pt>
File: images/Results/Neural Net/6HL/svg-inkscape/Residuals_vs_Ytrue_svg-raw.pdf Graphic file (type pdf)
<use images/Results/Neural Net/6HL/svg-inkscape/Residuals_vs_Ytrue_svg-raw.pdf>
Package pdftex.def Info: images/Results/Neural Net/6HL/svg-inkscape/Residuals_vs_Ytrue_svg-raw.pdf  used on input line 353.
(pdftex.def)             Requested size: 462.52684pt x 346.89516pt.
 [105 <./images/Results/Neural Net/4HL/svg-inkscape/traininghistory_svg-raw.pdf> <./images/Results/Neural Net/4HL/svg-inkscape/Ytrue_vs_Ypred_svg-raw.pdf

pdfTeX warning: pdflatex.exe (file ./images/Results/Neural Net/4HL/svg-inkscape/Ytrue_vs_Ypred_svg-raw.pdf): PDF inclusion: multiple pdfs with page group included in a single page
> <./images/Results/Neural Net/4HL/svg-inkscape/Residuals_vs_Ytrue_svg-raw.pdf

pdfTeX warning: pdflatex.exe (file ./images/Results/Neural Net/4HL/svg-inkscape/Residuals_vs_Ytrue_svg-raw.pdf): PDF inclusion: multiple pdfs with page group included in a single page
>] [106 <./images/Results/Neural Net/6HL/svg-inkscape/traininghistory_svg-raw.pdf> <./images/Results/Neural Net/6HL/svg-inkscape/Ytrue_vs_Ypred_svg-raw.pdf

pdfTeX warning: pdflatex.exe (file ./images/Results/Neural Net/6HL/svg-inkscape/Ytrue_vs_Ypred_svg-raw.pdf): PDF inclusion: multiple pdfs with page group included in a single page
> <./images/Results/Neural Net/6HL/svg-inkscape/Residuals_vs_Ytrue_svg-raw.pdf

pdfTeX warning: pdflatex.exe (file ./images/Results/Neural Net/6HL/svg-inkscape/Residuals_vs_Ytrue_svg-raw.pdf): PDF inclusion: multiple pdfs with page group included in a single page
>]
<images/Results/Neural Net/tunedmodel_24_09_2024/structure.png, id=3920, 1107.13625pt x 2916.8975pt>
File: images/Results/Neural Net/tunedmodel_24_09_2024/structure.png Graphic file (type png)
<use images/Results/Neural Net/tunedmodel_24_09_2024/structure.png>
Package pdftex.def Info: images/Results/Neural Net/tunedmodel_24_09_2024/structure.png  used on input line 383.
(pdftex.def)             Requested size: 163.40385pt x 430.48346pt.
<images/Results/Neural Net/tunedmodel_24_09_2024/svg-inkscape/traininghistory_svg-raw.pdf, id=3921, 462.52798pt x 346.89601pt>
File: images/Results/Neural Net/tunedmodel_24_09_2024/svg-inkscape/traininghistory_svg-raw.pdf Graphic file (type pdf)
<use images/Results/Neural Net/tunedmodel_24_09_2024/svg-inkscape/traininghistory_svg-raw.pdf>
Package pdftex.def Info: images/Results/Neural Net/tunedmodel_24_09_2024/svg-inkscape/traininghistory_svg-raw.pdf  used on input line 390.
(pdftex.def)             Requested size: 462.52684pt x 346.89516pt.
<images/Results/Neural Net/tunedmodel_24_09_2024/svg-inkscape/Ytrue_vs_Ypred_svg-raw.pdf, id=3922, 462.52798pt x 346.89601pt>
File: images/Results/Neural Net/tunedmodel_24_09_2024/svg-inkscape/Ytrue_vs_Ypred_svg-raw.pdf Graphic file (type pdf)
<use images/Results/Neural Net/tunedmodel_24_09_2024/svg-inkscape/Ytrue_vs_Ypred_svg-raw.pdf>
Package pdftex.def Info: images/Results/Neural Net/tunedmodel_24_09_2024/svg-inkscape/Ytrue_vs_Ypred_svg-raw.pdf  used on input line 391.
(pdftex.def)             Requested size: 462.52684pt x 346.89516pt.
<images/Results/Neural Net/tunedmodel_24_09_2024/svg-inkscape/Residuals_vs_Ytrue_svg-raw.pdf, id=3923, 462.52798pt x 346.89601pt>
File: images/Results/Neural Net/tunedmodel_24_09_2024/svg-inkscape/Residuals_vs_Ytrue_svg-raw.pdf Graphic file (type pdf)
<use images/Results/Neural Net/tunedmodel_24_09_2024/svg-inkscape/Residuals_vs_Ytrue_svg-raw.pdf>
Package pdftex.def Info: images/Results/Neural Net/tunedmodel_24_09_2024/svg-inkscape/Residuals_vs_Ytrue_svg-raw.pdf  used on input line 392.
(pdftex.def)             Requested size: 462.52684pt x 346.89516pt.
 [107] [108 <./images/Results/Neural Net/tunedmodel_24_09_2024/structure.png>]) [109 <./images/Results/Neural Net/tunedmodel_24_09_2024/svg-inkscape/traininghistory_svg-raw.pdf> <./images/Results/Neural Net/tunedmodel_24_09_2024/svg-inkscape/Ytrue_vs_Ypred_svg-raw.pdf

pdfTeX warning: pdflatex.exe (file ./images/Results/Neural Net/tunedmodel_24_09_2024/svg-inkscape/Ytrue_vs_Ypred_svg-raw.pdf): PDF inclusion: multiple pdfs with page group included in a single page
> <./images/Results/Neural Net/tunedmodel_24_09_2024/svg-inkscape/Residuals_vs_Ytrue_svg-raw.pdf

pdfTeX warning: pdflatex.exe (file ./images/Results/Neural Net/tunedmodel_24_09_2024/svg-inkscape/Residuals_vs_Ytrue_svg-raw.pdf): PDF inclusion: multiple pdfs with page group included in a single page
>]
\openout2 = `Ch5_Conclusions.aux'.

 (./Ch5_Conclusions.tex
Chapter 5.
[110




]
Underfull \hbox (badness 10000) in alignment at lines 28--28
[][][][] 
 []

[111

] [112] [113

]) [114

] (./main.bbl [115



]
Underfull \hbox (badness 2689) in paragraph at lines 70--73
[]\OT1/cmr/m/n/12 Pauli Vir-ta-nen, Ralf Gom-mers, Travis E. Oliphant, Matt Haber-land,
 []

) [116]
\openout2 = `Appendix.aux'.

 (./Appendix.tex
Appendix A.
(c:/texlive/2024/texmf-dist/tex/latex/listings/lstlang1.sty
File: lstlang1.sty 2024/03/11 1.10a listings language file
)
Package hyperref Info: bookmark level for unknown lstlisting defaults to 0 on input line 40.
 (c:/Users/vasxen/OneDrive/Thesis/code/optimization.py
LaTeX Font Info:    Font shape `OT1/cmtt/bx/n' in size <10> not available
(Font)              Font shape `OT1/cmtt/m/n' tried instead on input line 1.
 [117


] [118] [119] [120] [121] [122] [123] [124] [125] [126] [127] [128] [129] [130] [131] [132] [133])) [134] (./main.aux (./cover.aux) (./abstract.aux) (./Ch1_Introduction.aux) (./Ch2_Theory.aux) (./Ch3_Methodology.aux) (./CH4_Results.aux) (./Ch5_Conclusions.aux) (./Appendix.aux))
 ***********
LaTeX2e <2023-11-01> patch level 1
L3 programming layer <2024-03-14>
 ***********
Package rerunfilecheck Info: File `main.out' has not changed.
(rerunfilecheck)             Checksum: 485A39AC6776E2834232FE7C33793E07;11047.
 ) 
Here is how much of TeX's memory you used:
 22599 strings out of 474104
 402710 string characters out of 5747502
 2314496 words of memory out of 5000000
 43423 multiletter control sequences out of 15000+600000
 571815 words of font info for 81 fonts, out of 8000000 for 9000
 1141 hyphenation exceptions out of 8191
 94i,20n,93p,1172b,2427s stack positions out of 10000i,1000n,20000p,200000b,200000s
<c:/texlive/2024/texmf-dist/fonts/type1/public/amsfonts/cm/cmbx10.pfb><c:/texlive/2024/texmf-dist/fonts/type1/public/amsfonts/cm/cmbx12.pfb><c:/texlive/2024/texmf-dist/fonts/type1/public/amsfonts/cm/cmbx6.pfb><c:/texlive/2024/texmf-dist/fonts/type1/public/amsfonts/cm/cmbx8.pfb><c:/texlive/2024/texmf-dist/fonts/type1/public/amsfonts/cm/cmex10.pfb><c:/texlive/2024/texmf-dist/fonts/type1/public/amsfonts/cm/cmitt10.pfb><c:/texlive/2024/texmf-dist/fonts/type1/public/amsfonts/cm/cmmi10.pfb><c:/texlive/2024/texmf-dist/fonts/type1/public/amsfonts/cm/cmmi12.pfb><c:/texlive/2024/texmf-dist/fonts/type1/public/amsfonts/cm/cmmi6.pfb><c:/texlive/2024/texmf-dist/fonts/type1/public/amsfonts/cm/cmmi7.pfb><c:/texlive/2024/texmf-dist/fonts/type1/public/amsfonts/cm/cmmi8.pfb><c:/texlive/2024/texmf-dist/fonts/type1/public/amsfonts/cm/cmmib10.pfb><c:/texlive/2024/texmf-dist/fonts/type1/public/amsfonts/cmextra/cmmib8.pfb><c:/texlive/2024/texmf-dist/fonts/type1/public/amsfonts/cm/cmr10.pfb><c:/texlive/2024/texmf-dist/fonts/type1/public/amsfonts/cm/cmr12.pfb><c:/texlive/2024/texmf-dist/fonts/type1/public/amsfonts/cm/cmr17.pfb><c:/texlive/2024/texmf-dist/fonts/type1/public/amsfonts/cm/cmr6.pfb><c:/texlive/2024/texmf-dist/fonts/type1/public/amsfonts/cm/cmr8.pfb><c:/texlive/2024/texmf-dist/fonts/type1/public/amsfonts/cm/cmsy10.pfb><c:/texlive/2024/texmf-dist/fonts/type1/public/amsfonts/cm/cmsy6.pfb><c:/texlive/2024/texmf-dist/fonts/type1/public/amsfonts/cm/cmsy8.pfb><c:/texlive/2024/texmf-dist/fonts/type1/public/amsfonts/cm/cmti12.pfb><c:/texlive/2024/texmf-dist/fonts/type1/public/amsfonts/cm/cmtt10.pfb><c:/texlive/2024/texmf-dist/fonts/type1/public/cbfonts/grmn1200.pfb><c:/texlive/2024/texmf-dist/fonts/type1/public/cbfonts/grxn1200.pfb><c:/texlive/2024/texmf-dist/fonts/type1/public/amsfonts/latxfont/line10.pfb><c:/texlive/2024/texmf-dist/fonts/type1/public/cm-super/sfrm1200.pfb>
Output written on main.pdf (144 pages, 19071714 bytes).
PDF statistics:
 5245 PDF objects out of 6186 (max. 8388607)
 4003 compressed objects within 41 object streams
 1149 named destinations out of 1200 (max. 500000)
 864 words of extra memory for PDF output out of 10000 (max. 10000000)

