\BOOKMARK [0][-]{chapter.1}{\376\377\003\225\003\271\003\303\003\261\003\263\003\311\003\263\003\256}{}% 1
\BOOKMARK [1][-]{section.1.1}{\376\377\003\224\003\271\003\261\003\304\003\315\003\300\003\311\003\303\003\267\000\040\003\240\003\301\003\277\003\262\003\273\003\256\003\274\003\261\003\304\003\277\003\302}{chapter.1}% 2
\BOOKMARK [1][-]{section.1.2}{\376\377\003\243\003\304\003\314\003\307\003\277\003\302}{chapter.1}% 3
\BOOKMARK [1][-]{section.1.3}{\376\377\003\240\003\265\003\264\003\257\003\277\000\040\003\225\003\306\003\261\003\301\003\274\003\277\003\263\003\256\003\302\000\040\003\272\003\261\003\271\000\040\003\240\003\265\003\301\003\271\003\277\003\301\003\271\003\303\003\274\003\277\003\257}{chapter.1}% 4
\BOOKMARK [1][-]{section.1.4}{\376\377\003\232\003\257\003\275\003\267\003\304\003\301\003\277}{chapter.1}% 5
\BOOKMARK [0][-]{chapter.2}{\376\377\003\230\003\265\003\311\003\301\003\267\003\304\003\271\003\272\003\314\000\040\003\245\003\300\003\314\003\262\003\261\003\270\003\301\003\277}{}% 6
\BOOKMARK [1][-]{section.2.1}{\376\377\003\243\003\315\003\275\003\270\003\265\003\304\003\261\000\040\003\240\003\265\003\300\003\265\003\301\003\261\003\303\003\274\003\255\003\275\003\261\000\040\003\243\003\304\003\277\003\271\003\307\003\265\003\257\003\261}{chapter.2}% 7
\BOOKMARK [2][-]{subsection.2.1.1}{\376\377\003\240\003\265\003\264\003\257\003\277\000\040\003\234\003\265\003\304\003\261\003\304\003\277\003\300\003\257\003\303\003\265\003\311\003\275}{section.2.1}% 8
\BOOKMARK [2][-]{subsection.2.1.2}{\376\377\003\224\003\271\003\261\003\275\003\315\003\303\003\274\003\261\003\304\003\261\000\040\003\240\003\261\003\301\003\261\003\274\003\277\003\301\003\306\003\316\003\303\003\265\003\311\003\275}{section.2.1}% 9
\BOOKMARK [2][-]{subsection.2.1.3}{\376\377\003\243\003\307\003\255\003\303\003\267\000\040\003\244\003\254\003\303\003\265\003\311\003\275\000\040\000-\000\040\003\240\003\261\003\301\003\261\003\274\003\277\003\301\003\306\003\316\003\303\003\265\003\311\003\275}{section.2.1}% 10
\BOOKMARK [2][-]{subsection.2.1.4}{\376\377\003\223\003\265\003\275\003\271\003\272\003\265\003\305\003\274\003\255\003\275\003\277\000\040\003\232\003\261\003\304\003\261\003\303\003\304\003\261\003\304\003\271\003\272\003\314\000\040\003\234\003\267\003\304\003\301\003\316\003\277}{section.2.1}% 11
\BOOKMARK [2][-]{subsection.2.1.5}{\376\377\003\224\003\271\003\261\003\272\003\301\003\271\003\304\003\277\003\300\003\277\003\271\003\267\003\274\003\255\003\275\003\267\000\040\003\304\003\254\003\303\003\267\000\040\003\272\003\261\003\271\000\040\003\300\003\261\003\301\003\261\003\274\003\314\003\301\003\306\003\311\003\303\003\267\000\040\000-\000\040\003\243\003\305\003\275\003\261\003\301\003\304\003\256\003\303\003\265\003\271\003\302\000\040\003\234\003\277\003\301\003\306\003\256\003\302}{section.2.1}% 12
\BOOKMARK [2][-]{subsection.2.1.6}{\376\377\003\234\003\267\003\304\003\301\003\316\003\277\000\040\003\243\003\304\003\271\003\262\003\261\003\301\003\314\003\304\003\267\003\304\003\261\003\302\000\040}{section.2.1}% 13
\BOOKMARK [1][-]{section.2.2}{\376\377\003\227\000\040\003\234\003\255\003\270\003\277\003\264\003\277\003\302\000\040\003\240\003\273\003\255\003\263\003\274\003\261\003\304\003\277\003\302\000\040\003\243\003\304\003\301\003\277\003\262\003\257\003\273\003\311\003\275\000\040\000\050\000V\000L\000M\000\051}{chapter.2}% 14
\BOOKMARK [2][-]{subsection.2.2.1}{\376\377\003\237\000\040\003\275\003\314\003\274\003\277\003\302\000\040\000B\000i\000o\000t\000\040\000S\000a\000v\000a\000r\000t\000\040\040\023\000\040\003\304\003\277\000\040\000V\000o\000r\000t\000e\000x\000\040\000F\000i\000l\000a\000m\000e\000n\000t}{section.2.2}% 15
\BOOKMARK [2][-]{subsection.2.2.2}{\376\377\003\225\003\305\003\270\003\315\003\263\003\301\003\261\003\274\003\274\003\277\000\040\003\244\003\274\003\256\003\274\003\261\000\040\003\224\003\257\003\275\003\267\003\302}{section.2.2}% 16
\BOOKMARK [2][-]{subsection.2.2.3}{\376\377\003\245\003\300\003\277\003\273\003\277\003\263\003\271\003\303\003\304\003\271\003\272\003\256\000\040\003\273\003\315\003\303\003\267\000\040\003\265\003\300\003\271\003\306\003\254\003\275\003\265\003\271\003\261\003\302\000\040\003\254\003\275\003\304\003\311\003\303\003\267\003\302\000\040\003\274\003\265\000\040\000V\000o\000r\000t\000e\000x\000\040\000R\000i\000n\000g\000\040\000E\000l\000e\000m\000e\000n\000t\000s}{section.2.2}% 17
\BOOKMARK [1][-]{section.2.3}{\376\377\003\225\003\276\003\271\003\303\003\316\003\303\003\265\003\271\003\302\000\040\003\221\003\275\003\254\003\273\003\305\003\303\003\267\003\302\000\040\003\240\003\304\003\265\003\301\003\305\003\263\003\271\003\303\003\274\003\277\003\315}{chapter.2}% 18
\BOOKMARK [2][-]{subsection.2.3.1}{\376\377\003\243\003\315\003\275\003\264\003\265\003\303\003\267\000\040\003\304\003\267\003\302\000\040\003\272\003\261\003\304\003\261\003\303\003\272\003\265\003\305\003\256\003\302\000\040\003\274\003\265\000\040\003\304\003\267\003\275\000\040\003\261\003\265\003\301\003\277\003\264\003\305\003\275\003\261\003\274\003\271\003\272\003\256\000\040\040\023\000\040\000\040\000I\000n\000f\000i\000n\000i\000t\000e\000\040\000P\000l\000a\000t\000e\000\040\000s\000p\000l\000i\000n\000e\000s}{section.2.3}% 19
\BOOKMARK [2][-]{subsection.2.3.2}{\376\377\003\227\000\040\003\274\003\255\003\270\003\277\003\264\003\277\003\302\000\040\003\265\003\300\003\257\003\273\003\305\003\303\003\267\003\302\000\040\003\300\003\304\003\265\003\301\003\305\003\263\003\271\003\303\003\274\003\277\003\315\000\040\000P\000K}{section.2.3}% 20
\BOOKMARK [1][-]{section.2.4}{\376\377\003\244\003\265\003\307\003\275\003\271\003\272\003\255\003\302\000\040\003\262\003\265\003\273\003\304\003\271\003\303\003\304\003\277\003\300\003\277\003\257\003\267\003\303\003\267\003\302}{chapter.2}% 21
\BOOKMARK [2][-]{subsection.2.4.1}{\376\377\003\234\003\255\003\270\003\277\003\264\003\277\003\302\000\040\003\263\003\301\003\261\003\274\003\274\003\271\003\272\003\256\003\302\000\040\003\261\003\275\003\261\003\266\003\256\003\304\003\267\003\303\003\267\003\302\000\040\000B\000r\000e\000n\000t\000\040\040\023\000\040\000D\000e\000k\000k\000e\000r}{section.2.4}% 22
\BOOKMARK [2][-]{subsection.2.4.2}{\376\377\003\227\000\040\003\234\003\255\003\270\003\277\003\264\003\277\003\302\000\040\003\304\003\277\003\305\000\040\000P\000o\000w\000e\000l\000l}{section.2.4}% 23
\BOOKMARK [2][-]{subsection.2.4.3}{\376\377\003\223\003\265\003\275\003\265\003\304\003\271\003\272\003\314\003\302\000\040\003\221\003\273\003\263\003\314\003\301\003\271\003\270\003\274\003\277\003\302}{section.2.4}% 24
\BOOKMARK [2][-]{subsection.2.4.4}{\376\377\003\235\003\265\003\305\003\301\003\311\003\275\003\271\003\272\003\254\000\040\003\224\003\257\003\272\003\304\003\305\003\261}{section.2.4}% 25
\BOOKMARK [0][-]{chapter.3}{\376\377\003\234\003\265\003\270\003\277\003\264\003\277\003\273\003\277\003\263\003\257\003\261}{}% 26
\BOOKMARK [1][-]{section.3.1}{\376\377\003\225\003\271\003\303\003\261\003\263\003\311\003\263\003\256\000\040\003\303\003\304\003\277\000\040\003\240\003\301\003\314\003\262\003\273\003\267\003\274\003\261}{chapter.3}% 27
\BOOKMARK [1][-]{section.3.2}{\376\377\003\234\003\277\003\275\003\304\003\255\003\273\003\277\000\040\003\232\003\315\003\301\003\271\003\261\003\302\000\040\003\240\003\304\003\255\003\301\003\305\003\263\003\261\003\302\000\040\000A\000S\000W\000\040\0002\0008}{chapter.3}% 28
\BOOKMARK [2][-]{subsection.3.2.1}{\376\377\003\223\003\265\003\311\003\274\003\265\003\304\003\301\003\257\003\261\000\040\003\240\003\304\003\255\003\301\003\305\003\263\003\261\003\302\000\040\000\046\000\040\003\224\003\271\003\261\003\272\003\301\003\271\003\304\003\277\003\300\003\277\003\257\003\267\003\303\003\267\000\040\003\223\003\265\003\311\003\274\003\265\003\304\003\301\003\257\003\261\003\302}{section.3.2}% 29
\BOOKMARK [2][-]{subsection.3.2.2}{\376\377\003\237\003\301\003\271\003\303\003\274\003\314\003\302\000\040\003\231\003\264\003\271\003\277\003\304\003\256\003\304\003\311\003\275\000\040\003\245\003\273\003\271\003\272\003\316\003\275}{section.3.2}% 30
\BOOKMARK [2][-]{subsection.3.2.3}{\376\377\003\243\003\305\003\275\003\277\003\301\003\271\003\261\003\272\003\255\003\302\000\040\003\243\003\305\003\275\003\270\003\256\003\272\003\265\003\302}{section.3.2}% 31
\BOOKMARK [2][-]{subsection.3.2.4}{\376\377\003\221\003\265\003\301\003\277\003\264\003\305\003\275\003\261\003\274\003\271\003\272\003\314\000\040\003\240\003\273\003\255\003\263\003\274\003\261}{section.3.2}% 32
\BOOKMARK [2][-]{subsection.3.2.5}{\376\377\003\227\000\040\003\264\003\271\003\261\003\303\003\305\003\275\003\264\003\265\003\304\003\271\003\272\003\256\000\040\003\272\003\261\003\274\003\300\003\315\003\273\003\267\000\040\000S\000p\000l\000i\000n\000e}{section.3.2}% 33
\BOOKMARK [2][-]{subsection.3.2.6}{\376\377\000S\000e\000t\000u\000p\000\040\003\221\003\265\003\301\003\277\003\265\003\273\003\261\003\303\003\304\003\271\003\272\003\277\003\315\000\040\003\300\003\301\003\277\003\262\003\273\003\256\003\274\003\261\003\304\003\277\003\302\000\040\003\303\003\304\003\277\000\040\000O\000p\000t\000i\000s\000t\000r\000u\000c\000t}{section.3.2}% 34
\BOOKMARK [1][-]{section.3.3}{\376\377\000O\000p\000t\000i\000s\000t\000r\000u\000c\000t\000\040\040\023\000\040\003\224\003\271\003\265\003\300\003\261\003\306\003\256\000\040\003\274\003\265\000\040\000P\000y\000t\000h\000o\000n}{chapter.3}% 35
\BOOKMARK [2][-]{subsection.3.3.1}{\376\377\003\221\003\300\003\277\003\304\003\265\003\273\003\255\003\303\003\274\003\261\003\304\003\261\000\040\003\221\003\275\003\254\003\273\003\305\003\303\003\267\003\302\000\040\003\240\003\304\003\265\003\301\003\305\003\263\003\271\003\303\003\274\003\277\003\315\000\040\000\046\000\040\000P\000y\000t\000h\000o\000n\000\040}{section.3.3}% 36
\BOOKMARK [2][-]{subsection.3.3.2}{\376\377\003\244\003\301\003\277\003\300\003\277\003\300\003\277\003\257\003\267\003\303\003\267\000\040\003\304\003\267\003\302\000\040\003\265\003\271\003\303\003\314\003\264\003\277\003\305\000\040\003\304\003\277\003\305\000\040\000O\000p\000t\000i\000s\000t\000r\000u\000c\000t\000\040\003\307\003\301\003\267\003\303\003\271\003\274\003\277\003\300\003\277\003\271\003\316\003\275\003\304\003\261\003\302\000\040\000P\000y\000t\000h\000o\000n}{section.3.3}% 37
\BOOKMARK [1][-]{section.3.4}{\376\377\003\240\003\301\003\314\003\262\003\273\003\267\003\274\003\261\000\040\003\222\003\265\003\273\003\304\003\271\003\303\003\304\003\277\003\300\003\277\003\257\003\267\003\303\003\267\003\302}{chapter.3}% 38
\BOOKMARK [2][-]{subsection.3.4.1}{\376\377\003\225\003\306\003\261\003\301\003\274\003\277\003\263\003\256\000\040\003\304\003\267\003\302\000\040\003\234\003\265\003\270\003\314\003\264\003\277\003\305\000\040\000P\000o\000w\000e\000l\000l}{section.3.4}% 39
\BOOKMARK [2][-]{subsection.3.4.2}{\376\377\003\225\003\306\003\261\003\301\003\274\003\277\003\263\003\256\000\040\003\304\003\277\003\305\000\040\003\223\003\265\003\275\003\265\003\304\003\271\003\272\003\277\003\315\000\040\003\221\003\273\003\263\003\277\003\301\003\257\003\270\003\274\003\277\003\305}{section.3.4}% 40
\BOOKMARK [2][-]{subsection.3.4.3}{\376\377\003\240\003\301\003\314\003\262\003\273\003\265\003\310\003\267\000\040\003\244\003\261\003\307\003\315\003\304\003\267\003\304\003\261\003\302\000\040\003\300\003\304\003\265\003\301\003\305\003\263\003\271\003\303\003\274\003\277\003\315\000\040\003\274\003\255\003\303\003\311\000\040\003\235\003\265\003\305\003\301\003\311\003\275\003\271\003\272\003\316\003\275\000\040\003\224\003\271\003\272\003\304\003\315\003\311\003\275}{section.3.4}% 41
\BOOKMARK [0][-]{chapter.4}{\376\377\003\221\003\300\003\277\003\304\003\265\003\273\003\255\003\303\003\274\003\261\003\304\003\261}{}% 42
\BOOKMARK [1][-]{section.4.1}{\376\377\003\221\003\275\003\254\003\273\003\305\003\303\003\267\000\040\003\231\003\264\003\271\003\277\003\274\003\277\003\301\003\306\003\316\003\275}{chapter.4}% 43
\BOOKMARK [1][-]{section.4.2}{\376\377\003\221\003\301\003\307\003\271\003\272\003\256\000\040\003\221\003\275\003\254\003\273\003\305\003\303\003\267\000\040\003\240\003\304\003\265\003\301\003\305\003\263\003\271\003\303\003\274\003\277\003\315}{chapter.4}% 44
\BOOKMARK [1][-]{section.4.3}{\376\377\003\234\003\255\003\270\003\277\003\264\003\277\003\302\000\040\003\222\003\265\003\273\003\304\003\271\003\303\003\304\003\277\003\300\003\277\003\257\003\267\003\303\003\267\003\302\000\040\000P\000o\000w\000e\000l\000l}{chapter.4}% 45
\BOOKMARK [1][-]{section.4.4}{\376\377\003\222\003\265\003\273\003\304\003\271\003\303\003\304\003\277\003\300\003\277\003\257\003\267\003\303\003\267\000\040\003\274\003\265\000\040\003\304\003\267\000\040\003\274\003\255\003\270\003\277\003\264\003\277\000\040\003\223\003\265\003\275\003\265\003\304\003\271\003\272\003\316\003\275\000\040\003\221\003\273\003\263\003\277\003\301\003\257\003\270\003\274\003\311\003\275}{chapter.4}% 46
\BOOKMARK [1][-]{section.4.5}{\376\377\003\221\003\300\003\277\003\304\003\265\003\273\003\255\003\303\003\274\003\261\003\304\003\261\000\040\003\240\003\301\003\314\003\262\003\273\003\265\003\310\003\267\003\302\000\040\003\274\003\255\003\303\003\311\000\040\003\235\003\265\003\305\003\301\003\311\003\275\003\271\003\272\003\316\003\275\000\040\003\224\003\271\003\272\003\304\003\315\003\311\003\275}{chapter.4}% 47
\BOOKMARK [2][-]{subsection.4.5.1}{\376\377\003\225\003\276\003\255\003\304\003\261\003\303\003\267\000\040\003\264\003\265\003\264\003\277\003\274\003\255\003\275\003\311\003\275\000\040\003\265\003\272\003\300\003\261\003\257\003\264\003\265\003\305\003\303\003\267\003\302}{section.4.5}% 48
\BOOKMARK [2][-]{subsection.4.5.2}{\376\377\003\235\003\265\003\305\003\301\003\311\003\275\003\271\003\272\003\314\000\040\003\224\003\257\003\272\003\304\003\305\003\277\000\040\003\274\003\265\000\040\0001\000\040\003\232\003\301\003\305\003\306\003\314\000\040\003\243\003\304\003\301\003\316\003\274\003\261}{section.4.5}% 49
\BOOKMARK [2][-]{subsection.4.5.3}{\376\377\003\235\003\265\003\305\003\301\003\311\003\275\003\271\003\272\003\314\000\040\003\224\003\257\003\272\003\304\003\305\003\277\000\040\003\274\003\265\000\040\0002\000\040\003\232\003\301\003\305\003\306\003\254\000\040\003\243\003\304\003\301\003\316\003\274\003\261\003\304\003\261}{section.4.5}% 50
\BOOKMARK [2][-]{subsection.4.5.4}{\376\377\003\235\003\265\003\305\003\301\003\311\003\275\003\271\003\272\003\314\000\040\003\224\003\257\003\272\003\304\003\305\003\277\000\040\003\274\003\265\000\040\0004\000\040\003\232\003\301\003\305\003\306\003\254\000\040\003\243\003\304\003\301\003\316\003\274\003\261\003\304\003\261}{section.4.5}% 51
\BOOKMARK [2][-]{subsection.4.5.5}{\376\377\003\235\003\265\003\305\003\301\003\311\003\275\003\271\003\272\003\314\000\040\003\224\003\257\003\272\003\304\003\305\003\277\000\040\003\274\003\265\000\040\0006\000\040\003\232\003\301\003\305\003\306\003\254\000\040\003\243\003\304\003\301\003\316\003\274\003\261\003\304\003\261}{section.4.5}% 52
\BOOKMARK [2][-]{subsection.4.5.6}{\376\377\003\235\003\265\003\305\003\301\003\311\003\275\003\271\003\272\003\314\000\040\003\224\003\257\003\272\003\304\003\305\003\277\000\040\003\274\003\265\000\040\003\241\003\305\003\270\003\274\003\271\003\303\003\274\003\255\003\275\003\265\003\302\000\040\003\245\003\300\003\265\003\301\003\300\003\261\003\301\003\261\003\274\003\255\003\304\003\301\003\277\003\305\003\302}{section.4.5}% 53
\BOOKMARK [0][-]{chapter.5}{\376\377\003\243\003\305\003\274\003\300\003\265\003\301\003\254\003\303\003\274\003\261\003\304\003\261\000\040\000\046\000\040\003\234\003\265\003\273\003\273\003\277\003\275\003\304\003\271\003\272\003\256\000\040\003\225\003\301\003\263\003\261\003\303\003\257\003\261}{}% 54
\BOOKMARK [1][-]{section.5.1}{\376\377\003\222\003\265\003\273\003\304\003\271\003\303\003\304\003\277\003\300\003\277\003\257\003\267\003\303\003\267}{chapter.5}% 55
\BOOKMARK [1][-]{section.5.2}{\376\377\003\240\003\301\003\314\003\262\003\273\003\265\003\310\003\267\000\040\003\274\003\265\000\040\003\235\003\265\003\305\003\301\003\311\003\275\003\271\003\272\003\254\000\040\003\224\003\257\003\272\003\304\003\305\003\261}{chapter.5}% 56
\BOOKMARK [1][-]{section.5.3}{\376\377\003\234\003\265\003\273\003\273\003\277\003\275\003\304\003\271\003\272\003\256\000\040\003\225\003\301\003\263\003\261\003\303\003\257\003\261}{chapter.5}% 57
\BOOKMARK [0][-]{appendix.Alph1}{\376\377\003\232\003\316\003\264\003\271\003\272\003\261\003\302\000\040\003\222\003\265\003\273\003\304\003\271\003\303\003\304\003\277\003\300\003\277\003\257\003\267\003\303\003\267\003\302\000\040\000P\000y\000t\000h\000o\000n\000\040}{}% 58
